#
# A fatal error has been detected by the Java Runtime Environment:
#
#  EXCEPTION_ACCESS_VIOLATION (0xc0000005) at pc=0x000000005e6227a3, pid=10528, tid=0x0000000000002950
#
# JRE version: Java(TM) SE Runtime Environment (8.0_181-b13) (build 1.8.0_181-b13)
# Java VM: Dynamic Code Evolution 64-Bit Server VM (25.71-b01-dcevmlight-26 mixed mode windows-amd64 compressed oops)
# Problematic frame:
# V  [jvm.dll+0xd27a3]
#
# Failed to write core dump. Minidumps are not enabled by default on client versions of Windows
#
# If you would like to submit a bug report, please visit:
#   https://github.com/dcevm/dcevm/issues
#

---------------  T H R E A D  ---------------

Current thread (0x0000000052c35800):  VMThread [stack: 0x0000000052e40000,0x0000000052f40000] [id=10576]

siginfo: ExceptionCode=0xc0000005, reading address 0x000000005d39a788

Registers:
RAX=0x0000000000009200, RBX=0x0000000000009200, RCX=0x000000005d351738, RDX=0x0000000000000000
RSP=0x0000000052f3f480, RBP=0x0000000052f3f5b0, RSI=0x0000000000009200, RDI=0x000000005d351738
R8 =0x000000000226f7c0, R9 =0x0000000000000003, R10=0x0000000000000003, R11=0x000000005d351ea2
R12=0x0000000052f3f640, R13=0x0000000052f3f630, R14=0x0000000000000000, R15=0x0000000000000000
RIP=0x000000005e6227a3, EFLAGS=0x0000000000010246

Top of Stack: (sp=0x0000000052f3f480)
0x0000000052f3f480:   00000000000000b7 0000000052f3f5b0
0x0000000052f3f490:   00000000000000b7 0000000000000028
0x0000000052f3f4a0:   0000000000000016 000000005e7071d0
0x0000000052f3f4b0:   00000000000000b7 00000000000000b7
0x0000000052f3f4c0:   00000000000000bb 0000000000000012
0x0000000052f3f4d0:   0000000077953128 0000000000000000
0x0000000052f3f4e0:   0000000000000010 00000000003d0000
0x0000000052f3f4f0:   0000000000000008 0000000000000008
0x0000000052f3f500:   00000000003d0288 0000000077977b14
0x0000000052f3f510:   0000000000000004 0000000000000008
0x0000000052f3f520:   425b29400004000a 0000000002188530
0x0000000052f3f530:   0000000052f3fa18 0000000052f3f630
0x0000000052f3f540:   0000000052f3f860 00000000646bd79a
0x0000000052f3f550:   00000000546ee900 00000000546ee904
0x0000000052f3f560:   0000000052f3f700 0000000000000000
0x0000000052f3f570:   0000000000000001 000000005ed1d828 

Instructions: (pc=0x000000005e6227a3)
0x000000005e622783:   e8 f8 db 19 00 48 8b 57 10 48 85 d2 74 0f 48 8b
0x000000005e622793:   c3 48 c1 e0 05 48 8b 44 10 10 0f b7 d8 48 63 c3
0x000000005e6227a3:   0f b7 44 c7 50 48 8b 44 c7 50 48 89 44 24 30 f6
0x000000005e6227b3:   d0 48 8b 4c 24 30 a8 01 74 0f 48 8b 41 10 48 8b 


Register to memory mapping:

RAX=0x0000000000009200 is an unknown value
RBX=0x0000000000009200 is an unknown value
RCX=0x000000005d351738 is pointing into metadata
RDX=0x0000000000000000 is an unknown value
RSP=0x0000000052f3f480 is an unknown value
RBP=0x0000000052f3f5b0 is an unknown value
RSI=0x0000000000009200 is an unknown value
RDI=0x000000005d351738 is pointing into metadata
R8 =0x000000000226f7c0 is an unknown value
R9 =0x0000000000000003 is an unknown value
R10=0x0000000000000003 is an unknown value
R11=0x000000005d351ea2 is pointing into metadata
R12=0x0000000052f3f640 is an unknown value
R13=0x0000000052f3f630 is an unknown value
R14=0x0000000000000000 is an unknown value
R15=0x0000000000000000 is an unknown value


Stack: [0x0000000052e40000,0x0000000052f40000],  sp=0x0000000052f3f480,  free space=1021k
Native frames: (J=compiled Java code, j=interpreted, Vv=VM code, C=native code)
V  [jvm.dll+0xd27a3]
V  [jvm.dll+0x1b71d0]
V  [jvm.dll+0x1b8122]
V  [jvm.dll+0x1a9e55]
V  [jvm.dll+0x1af00f]
V  [jvm.dll+0x1afc6a]
V  [jvm.dll+0x22caf7]
V  [jvm.dll+0x22bdb2]
V  [jvm.dll+0x22c231]
V  [jvm.dll+0x22c44e]
V  [jvm.dll+0x2767ea]
C  [msvcr100.dll+0x21d9f]
C  [msvcr100.dll+0x21e3b]
C  [kernel32.dll+0x1556d]
C  [ntdll.dll+0x5385d]

VM_Operation (0x000000005d99f0a0): RedefineClasses, mode: safepoint, requested by thread 0x0000000053aa6800


---------------  P R O C E S S  ---------------

Java Threads: ( => current thread )
  0x0000000058f28000 JavaThread "Thread-49" daemon [_thread_blocked, id=8480, stack(0x000000005dcf0000,0x000000005ddf0000)]
  0x0000000058f27000 JavaThread "Thread-48" daemon [_thread_blocked, id=7252, stack(0x000000005daf0000,0x000000005dbf0000)]
  0x0000000058f26800 JavaThread "Thread-47" daemon [_thread_blocked, id=8856, stack(0x000000005d1c0000,0x000000005d2c0000)]
  0x0000000053aa6800 JavaThread "Thread-45" daemon [_thread_blocked, id=8988, stack(0x000000005d8a0000,0x000000005d9a0000)]
  0x0000000058f25000 JavaThread "RMI TCP Connection(idle)" daemon [_thread_blocked, id=4204, stack(0x000000005d060000,0x000000005d160000)]
  0x0000000058f25800 JavaThread "RMI TCP Connection(idle)" daemon [_thread_blocked, id=10296, stack(0x000000005cd20000,0x000000005ce20000)]
  0x0000000058f14000 JavaThread "DestroyJavaVM" [_thread_blocked, id=7408, stack(0x00000000022a0000,0x00000000023a0000)]
  0x0000000058f13800 JavaThread "http-nio-8080-Acceptor-0" daemon [_thread_in_native, id=10840, stack(0x000000005ca10000,0x000000005cb10000)]
  0x0000000058f12800 JavaThread "http-nio-8080-ClientPoller-1" daemon [_thread_in_native, id=7412, stack(0x000000005c640000,0x000000005c740000)]
  0x0000000058f12000 JavaThread "http-nio-8080-ClientPoller-0" daemon [_thread_in_native, id=10996, stack(0x000000005c7d0000,0x000000005c8d0000)]
  0x0000000058f11000 JavaThread "http-nio-8080-exec-10" daemon [_thread_blocked, id=11180, stack(0x000000005c540000,0x000000005c640000)]
  0x0000000058f10000 JavaThread "http-nio-8080-exec-9" daemon [_thread_blocked, id=10416, stack(0x000000005bfd0000,0x000000005c0d0000)]
  0x0000000058f0f800 JavaThread "http-nio-8080-exec-8" daemon [_thread_blocked, id=8396, stack(0x000000005c3a0000,0x000000005c4a0000)]
  0x0000000058f0e800 JavaThread "http-nio-8080-exec-7" daemon [_thread_blocked, id=10728, stack(0x000000005c210000,0x000000005c310000)]
  0x0000000058f0e000 JavaThread "http-nio-8080-exec-6" daemon [_thread_blocked, id=9072, stack(0x000000005c100000,0x000000005c200000)]
  0x0000000058f0d000 JavaThread "http-nio-8080-exec-5" daemon [_thread_blocked, id=7372, stack(0x000000005b810000,0x000000005b910000)]
  0x0000000053aaf800 JavaThread "http-nio-8080-exec-4" daemon [_thread_blocked, id=10916, stack(0x000000005bd30000,0x000000005be30000)]
  0x0000000053aaf000 JavaThread "http-nio-8080-exec-3" daemon [_thread_blocked, id=5104, stack(0x000000005be30000,0x000000005bf30000)]
  0x0000000053aae000 JavaThread "http-nio-8080-exec-2" daemon [_thread_blocked, id=8768, stack(0x000000005bc10000,0x000000005bd10000)]
  0x0000000053aad800 JavaThread "http-nio-8080-exec-1" daemon [_thread_blocked, id=10876, stack(0x000000005bad0000,0x000000005bbd0000)]
  0x0000000053aac800 JavaThread "NioBlockingSelector.BlockPoller-1" daemon [_thread_in_native, id=10852, stack(0x000000005b930000,0x000000005ba30000)]
  0x0000000053aab000 JavaThread "Live Reload Server" daemon [_thread_in_native, id=4508, stack(0x00000000574c0000,0x00000000575c0000)]
  0x0000000053aaa800 JavaThread "File Watcher" daemon [_thread_blocked, id=10980, stack(0x000000005b5b0000,0x000000005b6b0000)]
  0x0000000053aa6000 JavaThread "HikariPool-1 housekeeper" daemon [_thread_blocked, id=9208, stack(0x0000000058600000,0x0000000058700000)]
  0x0000000053aa5000 JavaThread "mysql-cj-abandoned-connection-cleanup" daemon [_thread_blocked, id=9144, stack(0x0000000059b80000,0x0000000059c80000)]
  0x0000000053aa4800 JavaThread "container-0" [_thread_blocked, id=9580, stack(0x0000000056a50000,0x0000000056b50000)]
  0x0000000053aa3800 JavaThread "Catalina-utility-2" [_thread_blocked, id=8968, stack(0x0000000056f70000,0x0000000057070000)]
  0x0000000053aa2000 JavaThread "Catalina-utility-1" [_thread_blocked, id=7768, stack(0x0000000056720000,0x0000000056820000)]
  0x0000000053c64000 JavaThread "RMI TCP Connection(idle)" daemon [_thread_blocked, id=640, stack(0x0000000056e40000,0x0000000056f40000)]
  0x0000000053f3c000 JavaThread "RMI Scheduler(0)" daemon [_thread_blocked, id=8148, stack(0x0000000056d20000,0x0000000056e20000)]
  0x0000000053f2a800 JavaThread "RMI TCP Connection(idle)" daemon [_thread_blocked, id=10780, stack(0x0000000056ba0000,0x0000000056ca0000)]
  0x0000000054119800 JavaThread "RMI TCP Accept-0" daemon [_thread_in_native, id=8028, stack(0x00000000556d0000,0x00000000557d0000)]
  0x0000000054116000 JavaThread "RMI TCP Accept-58617" daemon [_thread_in_native, id=8288, stack(0x00000000561d0000,0x00000000562d0000)]
  0x00000000540cd800 JavaThread "RMI TCP Accept-0" daemon [_thread_in_native, id=8248, stack(0x0000000055fa0000,0x00000000560a0000)]
  0x00000000541e4000 JavaThread "Service Thread" daemon [_thread_blocked, id=8612, stack(0x0000000055da0000,0x0000000055ea0000)]
  0x0000000053a8b000 JavaThread "C1 CompilerThread2" daemon [_thread_blocked, id=9084, stack(0x0000000055c50000,0x0000000055d50000)]
  0x0000000053a9e800 JavaThread "C2 CompilerThread1" daemon [_thread_blocked, id=4628, stack(0x0000000055af0000,0x0000000055bf0000)]
  0x000000005416c800 JavaThread "C2 CompilerThread0" daemon [_thread_blocked, id=7656, stack(0x00000000559f0000,0x0000000055af0000)]
  0x0000000053e00800 JavaThread "Monitor Ctrl-Break" daemon [_thread_in_native, id=3540, stack(0x0000000055830000,0x0000000055930000)]
  0x0000000053a7b000 JavaThread "Thread-3" daemon [_thread_blocked, id=10368, stack(0x0000000054230000,0x0000000054330000)]
  0x0000000053a1f800 JavaThread "HotSwap Dispatcher" daemon [_thread_blocked, id=10884, stack(0x00000000544a0000,0x00000000545a0000)]
  0x0000000053a1e800 JavaThread "HotSwap Watcher" daemon [_thread_blocked, id=4496, stack(0x00000000545f0000,0x00000000546f0000)]
  0x0000000053a1e000 JavaThread "Thread-0" daemon [_thread_in_native, id=6520, stack(0x0000000054350000,0x0000000054450000)]
  0x0000000052ca0000 JavaThread "Attach Listener" daemon [_thread_blocked, id=10376, stack(0x0000000053520000,0x0000000053620000)]
  0x0000000052c9f800 JavaThread "Signal Dispatcher" daemon [_thread_blocked, id=1840, stack(0x0000000053360000,0x0000000053460000)]
  0x0000000052c86000 JavaThread "Finalizer" daemon [_thread_blocked, id=10716, stack(0x0000000053160000,0x0000000053260000)]
  0x0000000052c3e800 JavaThread "Reference Handler" daemon [_thread_blocked, id=7572, stack(0x0000000052fa0000,0x00000000530a0000)]

Other Threads:
=>0x0000000052c35800 VMThread [stack: 0x0000000052e40000,0x0000000052f40000] [id=10576]
  0x0000000054121000 WatcherThread [stack: 0x00000000565d0000,0x00000000566d0000] [id=10428]

VM state:at safepoint (normal execution)

VM Mutex/Monitor currently owned by a thread:  ([mutex/lock_event])
[0x00000000021a8980] Threads_lock - owner thread: 0x0000000052c35800
[0x00000000021a8e80] Heap_lock - owner thread: 0x0000000053aa6800
[0x00000000021a9000] CompiledIC_lock - owner thread: 0x0000000053a8b000

Heap:
 def new generation   total 38144K, used 13029K [0x0000000084a00000, 0x0000000087360000, 0x00000000adc00000)
  eden space 33920K,  37% used [0x0000000084a00000, 0x0000000085650598, 0x0000000086b20000)
  from space 4224K,   9% used [0x0000000086b20000, 0x0000000086b88fd0, 0x0000000086f40000)
  to   space 4224K,   0% used [0x0000000086f40000, 0x0000000086f40000, 0x0000000087360000)
 tenured generation   total 84672K, used 41383K [0x00000000adc00000, 0x00000000b2eb0000, 0x0000000100000000)
   the space 84672K,  48% used [0x00000000adc00000, 0x00000000b0469d88, 0x00000000b0469e00, 0x00000000b2eb0000)
 Metaspace       used 71253K, capacity 73616K, committed 73852K, reserved 1114112K
  class space    used 9129K, capacity 9542K, committed 9600K, reserved 1048576K

Card table byte_map: [0x0000000011cd0000,0x00000000120b0000] byte_map_base: 0x00000000118ab000

Polling page: 0x0000000000330000

CodeCache: size=245760Kb used=13594Kb max_used=13594Kb free=232165Kb
 bounds [0x0000000002910000, 0x0000000003660000, 0x0000000011910000]
 total_blobs=7317 nmethods=6540 adapters=689
 compilation: enabled

Compilation events (10 events):
Event: 54.453 Thread 0x0000000053a8b000 6632       1       java.lang.String::length (6 bytes)
Event: 54.453 Thread 0x0000000053a8b000 nmethod 6632 0x0000000003655890 code [0x00000000036559e0, 0x0000000003655af0]
Event: 54.453 Thread 0x0000000053a8b000 6633       1       java.util.concurrent.locks.AbstractQueuedSynchronizer::transferAfterCancelledWait (34 bytes)
Event: 54.454 Thread 0x0000000053a8b000 nmethod 6633 0x0000000003655b90 code [0x0000000003655d00, 0x0000000003655f38]
Event: 54.454 Thread 0x0000000053a8b000 6634       1       java.lang.String::getChars (62 bytes)
Event: 54.455 Thread 0x0000000053a8b000 nmethod 6634 0x00000000036560d0 code [0x0000000003656280, 0x0000000003656598]
Event: 54.479 Thread 0x0000000053a8b000 6688       1       java.lang.String::indexOf (70 bytes)
Event: 54.479 Thread 0x0000000053a8b000 nmethod 6688 0x0000000003657650 code [0x00000000036577c0, 0x0000000003657988]
Event: 54.480 Thread 0x0000000053a8b000 6684       1       java.lang.String::indexOf (166 bytes)
Event: 54.480 Thread 0x0000000053a8b000 nmethod 6684 0x0000000003657a90 code [0x0000000003657c00, 0x0000000003657e90]

GC Heap History (10 events):
Event: 17.632 GC heap before
{Heap before GC invocations=93 (full 3):
 def new generation   total 38144K, used 37567K [0x0000000084a00000, 0x0000000087360000, 0x00000000adc00000)
  eden space 33920K, 100% used [0x0000000084a00000, 0x0000000086b20000, 0x0000000086b20000)
  from space 4224K,  86% used [0x0000000086f40000, 0x00000000872cfea8, 0x0000000087360000)
  to   space 4224K,   0% used [0x0000000086b20000, 0x0000000086b20000, 0x0000000086f40000)
 tenured generation   total 84672K, used 37520K [0x00000000adc00000, 0x00000000b2eb0000, 0x0000000100000000)
   the space 84672K,  44% used [0x00000000adc00000, 0x00000000b00a41d8, 0x00000000b00a4200, 0x00000000b2eb0000)
 Metaspace       used 70012K, capacity 72342K, committed 72700K, reserved 1112064K
  class space    used 8956K, capacity 9362K, committed 9472K, reserved 1048576K
Event: 17.649 GC heap after
Heap after GC invocations=94 (full 3):
 def new generation   total 38144K, used 2156K [0x0000000084a00000, 0x0000000087360000, 0x00000000adc00000)
  eden space 33920K,   0% used [0x0000000084a00000, 0x0000000084a00000, 0x0000000086b20000)
  from space 4224K,  51% used [0x0000000086b20000, 0x0000000086d3b1d8, 0x0000000086f40000)
  to   space 4224K,   0% used [0x0000000086f40000, 0x0000000086f40000, 0x0000000087360000)
 tenured generation   total 84672K, used 40283K [0x00000000adc00000, 0x00000000b2eb0000, 0x0000000100000000)
   the space 84672K,  47% used [0x00000000adc00000, 0x00000000b0356f38, 0x00000000b0357000, 0x00000000b2eb0000)
 Metaspace       used 70012K, capacity 72342K, committed 72700K, reserved 1112064K
  class space    used 8956K, capacity 9362K, committed 9472K, reserved 1048576K
}
Event: 18.036 GC heap before
{Heap before GC invocations=94 (full 3):
 def new generation   total 38144K, used 36076K [0x0000000084a00000, 0x0000000087360000, 0x00000000adc00000)
  eden space 33920K, 100% used [0x0000000084a00000, 0x0000000086b20000, 0x0000000086b20000)
  from space 4224K,  51% used [0x0000000086b20000, 0x0000000086d3b1d8, 0x0000000086f40000)
  to   space 4224K,   0% used [0x0000000086f40000, 0x0000000086f40000, 0x0000000087360000)
 tenured generation   total 84672K, used 40283K [0x00000000adc00000, 0x00000000b2eb0000, 0x0000000100000000)
   the space 84672K,  47% used [0x00000000adc00000, 0x00000000b0356f38, 0x00000000b0357000, 0x00000000b2eb0000)
 Metaspace       used 70190K, capacity 72550K, committed 72700K, reserved 1112064K
  class space    used 8972K, capacity 9405K, committed 9472K, reserved 1048576K
Event: 18.042 GC heap after
Heap after GC invocations=95 (full 3):
 def new generation   total 38144K, used 638K [0x0000000084a00000, 0x0000000087360000, 0x00000000adc00000)
  eden space 33920K,   0% used [0x0000000084a00000, 0x0000000084a00000, 0x0000000086b20000)
  from space 4224K,  15% used [0x0000000086f40000, 0x0000000086fdfa50, 0x0000000087360000)
  to   space 4224K,   0% used [0x0000000086b20000, 0x0000000086b20000, 0x0000000086f40000)
 tenured generation   total 84672K, used 41383K [0x00000000adc00000, 0x00000000b2eb0000, 0x0000000100000000)
   the space 84672K,  48% used [0x00000000adc00000, 0x00000000b0469d88, 0x00000000b0469e00, 0x00000000b2eb0000)
 Metaspace       used 70190K, capacity 72550K, committed 72700K, reserved 1112064K
  class space    used 8972K, capacity 9405K, committed 9472K, reserved 1048576K
}
Event: 18.136 GC heap before
{Heap before GC invocations=95 (full 3):
 def new generation   total 38144K, used 34558K [0x0000000084a00000, 0x0000000087360000, 0x00000000adc00000)
  eden space 33920K, 100% used [0x0000000084a00000, 0x0000000086b20000, 0x0000000086b20000)
  from space 4224K,  15% used [0x0000000086f40000, 0x0000000086fdfa50, 0x0000000087360000)
  to   space 4224K,   0% used [0x0000000086b20000, 0x0000000086b20000, 0x0000000086f40000)
 tenured generation   total 84672K, used 41383K [0x00000000adc00000, 0x00000000b2eb0000, 0x0000000100000000)
   the space 84672K,  48% used [0x00000000adc00000, 0x00000000b0469d88, 0x00000000b0469e00, 0x00000000b2eb0000)
 Metaspace       used 70734K, capacity 73062K, committed 73212K, reserved 1114112K
  class space    used 9052K, capacity 9469K, committed 9472K, reserved 1048576K
Event: 18.143 GC heap after
Heap after GC invocations=96 (full 3):
 def new generation   total 38144K, used 1592K [0x0000000084a00000, 0x0000000087360000, 0x00000000adc00000)
  eden space 33920K,   0% used [0x0000000084a00000, 0x0000000084a00000, 0x0000000086b20000)
  from space 4224K,  37% used [0x0000000086b20000, 0x0000000086cae210, 0x0000000086f40000)
  to   space 4224K,   0% used [0x0000000086f40000, 0x0000000086f40000, 0x0000000087360000)
 tenured generation   total 84672K, used 41383K [0x00000000adc00000, 0x00000000b2eb0000, 0x0000000100000000)
   the space 84672K,  48% used [0x00000000adc00000, 0x00000000b0469d88, 0x00000000b0469e00, 0x00000000b2eb0000)
 Metaspace       used 70734K, capacity 73062K, committed 73212K, reserved 1114112K
  class space    used 9052K, capacity 9469K, committed 9472K, reserved 1048576K
}
Event: 53.640 GC heap before
{Heap before GC invocations=96 (full 3):
 def new generation   total 38144K, used 35512K [0x0000000084a00000, 0x0000000087360000, 0x00000000adc00000)
  eden space 33920K, 100% used [0x0000000084a00000, 0x0000000086b20000, 0x0000000086b20000)
  from space 4224K,  37% used [0x0000000086b20000, 0x0000000086cae210, 0x0000000086f40000)
  to   space 4224K,   0% used [0x0000000086f40000, 0x0000000086f40000, 0x0000000087360000)
 tenured generation   total 84672K, used 41383K [0x00000000adc00000, 0x00000000b2eb0000, 0x0000000100000000)
   the space 84672K,  48% used [0x00000000adc00000, 0x00000000b0469d88, 0x00000000b0469e00, 0x00000000b2eb0000)
 Metaspace       used 71005K, capacity 73382K, committed 73596K, reserved 1114112K
  class space    used 9097K, capacity 9533K, committed 9600K, reserved 1048576K
Event: 53.646 GC heap after
Heap after GC invocations=97 (full 3):
 def new generation   total 38144K, used 453K [0x0000000084a00000, 0x0000000087360000, 0x00000000adc00000)
  eden space 33920K,   0% used [0x0000000084a00000, 0x0000000084a00000, 0x0000000086b20000)
  from space 4224K,  10% used [0x0000000086f40000, 0x0000000086fb1598, 0x0000000087360000)
  to   space 4224K,   0% used [0x0000000086b20000, 0x0000000086b20000, 0x0000000086f40000)
 tenured generation   total 84672K, used 41383K [0x00000000adc00000, 0x00000000b2eb0000, 0x0000000100000000)
   the space 84672K,  48% used [0x00000000adc00000, 0x00000000b0469d88, 0x00000000b0469e00, 0x00000000b2eb0000)
 Metaspace       used 71005K, capacity 73382K, committed 73596K, reserved 1114112K
  class space    used 9097K, capacity 9533K, committed 9600K, reserved 1048576K
}
Event: 54.079 GC heap before
{Heap before GC invocations=97 (full 3):
 def new generation   total 38144K, used 34373K [0x0000000084a00000, 0x0000000087360000, 0x00000000adc00000)
  eden space 33920K, 100% used [0x0000000084a00000, 0x0000000086b20000, 0x0000000086b20000)
  from space 4224K,  10% used [0x0000000086f40000, 0x0000000086fb1598, 0x0000000087360000)
  to   space 4224K,   0% used [0x0000000086b20000, 0x0000000086b20000, 0x0000000086f40000)
 tenured generation   total 84672K, used 41383K [0x00000000adc00000, 0x00000000b2eb0000, 0x0000000100000000)
   the space 84672K,  48% used [0x00000000adc00000, 0x00000000b0469d88, 0x00000000b0469e00, 0x00000000b2eb0000)
 Metaspace       used 71057K, capacity 73388K, committed 73596K, reserved 1114112K
  class space    used 9103K, capacity 9534K, committed 9600K, reserved 1048576K
Event: 54.085 GC heap after
Heap after GC invocations=98 (full 3):
 def new generation   total 38144K, used 419K [0x0000000084a00000, 0x0000000087360000, 0x00000000adc00000)
  eden space 33920K,   0% used [0x0000000084a00000, 0x0000000084a00000, 0x0000000086b20000)
  from space 4224K,   9% used [0x0000000086b20000, 0x0000000086b88fd0, 0x0000000086f40000)
  to   space 4224K,   0% used [0x0000000086f40000, 0x0000000086f40000, 0x0000000087360000)
 tenured generation   total 84672K, used 41383K [0x00000000adc00000, 0x00000000b2eb0000, 0x0000000100000000)
   the space 84672K,  48% used [0x00000000adc00000, 0x00000000b0469d88, 0x00000000b0469e00, 0x00000000b2eb0000)
 Metaspace       used 71057K, capacity 73388K, committed 73596K, reserved 1114112K
  class space    used 9103K, capacity 9534K, committed 9600K, reserved 1048576K
}

Deoptimization events (0 events):
No events

Internal exceptions (10 events):
Event: 52.791 Thread 0x0000000053a1f800 Exception <a 'sun/nio/fs/WindowsException'> (0x000000008639a948) thrown at [C:\Jenkins\workspace\DCEVM-8u161\jdk\JDK1.8.0_181-x64\k\product\oops\nocompressed\slave\dcevm-win\hotspot\src\share\vm\prims\jni.cpp, line 710]
Event: 52.791 Thread 0x0000000053a1f800 Exception <a 'sun/nio/fs/WindowsException'> (0x000000008639b410) thrown at [C:\Jenkins\workspace\DCEVM-8u161\jdk\JDK1.8.0_181-x64\k\product\oops\nocompressed\slave\dcevm-win\hotspot\src\share\vm\prims\jni.cpp, line 710]
Event: 52.791 Thread 0x0000000053a1f800 Exception <a 'sun/nio/fs/WindowsException'> (0x000000008639b968) thrown at [C:\Jenkins\workspace\DCEVM-8u161\jdk\JDK1.8.0_181-x64\k\product\oops\nocompressed\slave\dcevm-win\hotspot\src\share\vm\prims\jni.cpp, line 710]
Event: 52.791 Thread 0x0000000053a1f800 Exception <a 'sun/nio/fs/WindowsException'> (0x000000008639c3a0) thrown at [C:\Jenkins\workspace\DCEVM-8u161\jdk\JDK1.8.0_181-x64\k\product\oops\nocompressed\slave\dcevm-win\hotspot\src\share\vm\prims\jni.cpp, line 710]
Event: 52.791 Thread 0x0000000053a1f800 Exception <a 'java/io/FileNotFoundException'> (0x000000008639d370) thrown at [C:\Jenkins\workspace\DCEVM-8u161\jdk\JDK1.8.0_181-x64\k\product\oops\nocompressed\slave\dcevm-win\hotspot\src\share\vm\prims\jni.cpp, line 710]
Event: 52.791 Thread 0x0000000053a1f800 Exception <a 'sun/nio/fs/WindowsException'> (0x000000008639dc48) thrown at [C:\Jenkins\workspace\DCEVM-8u161\jdk\JDK1.8.0_181-x64\k\product\oops\nocompressed\slave\dcevm-win\hotspot\src\share\vm\prims\jni.cpp, line 710]
Event: 53.652 Thread 0x0000000053aaf000 Exception <a 'java/io/IOException'> (0x0000000084a30090) thrown at [C:\Jenkins\workspace\DCEVM-8u161\jdk\JDK1.8.0_181-x64\k\product\oops\nocompressed\slave\dcevm-win\hotspot\src\share\vm\prims\jni.cpp, line 710]
Event: 53.975 Thread 0x0000000053aaf800 Exception <a 'java/io/IOException'> (0x000000008643c7d0) thrown at [C:\Jenkins\workspace\DCEVM-8u161\jdk\JDK1.8.0_181-x64\k\product\oops\nocompressed\slave\dcevm-win\hotspot\src\share\vm\prims\jni.cpp, line 710]
Event: 54.239 Thread 0x0000000053aa6800 Exception <a 'java/lang/ClassCastException': org.springframework.cglib.proxy.Enhancer$EnhancerKey$$KeyFactoryByCGLIB$$4ce19e8f cannot be cast to java.lang.Class> (0x0000000085209df8) thrown at [C:\Jenkins\workspace\DCEVM-8u161\jdk\JDK1.8.0_181-x64\k\produ
Event: 54.249 Thread 0x0000000053aa6800 Exception <a 'java/lang/ClassCastException': org.springframework.cglib.proxy.Enhancer$EnhancerKey$$KeyFactoryByCGLIB$$4ce19e8f cannot be cast to java.lang.Class> (0x00000000853ecc60) thrown at [C:\Jenkins\workspace\DCEVM-8u161\jdk\JDK1.8.0_181-x64\k\produ

Events (10 events):
Event: 54.476 loading class java/util/WeakHashMap$KeyIterator
Event: 54.477 loading class java/util/WeakHashMap$KeyIterator done
Event: 54.477 loading class org/hibernate/validator/internal/metadata/aggregated/BeanMetaData
Event: 54.477 loading class org/hibernate/validator/internal/metadata/aggregated/BeanMetaData done
Event: 54.478 loading class org/springframework/beans/factory/config/ConstructorArgumentValues
Event: 54.478 loading class org/springframework/beans/factory/config/ConstructorArgumentValues done
Event: 54.479 Thread 0x0000000053aa3000 Thread exited: 0x0000000053aa3000
Event: 54.479 loading class org/springframework/beans/factory/config/ConstructorArgumentValues
Event: 54.480 loading class org/springframework/beans/factory/config/ConstructorArgumentValues done
Event: 54.480 Executing VM operation: RedefineClasses


Dynamic libraries:
0x000000013ff90000 - 0x000000013ffc7000 	C:\Program Files\Java\jdk1.8.0_181\bin\java.exe
0x0000000077950000 - 0x0000000077aef000 	C:\Windows\SYSTEM32\ntdll.dll
0x0000000077730000 - 0x000000007784f000 	C:\Windows\system32\kernel32.dll
0x000007fefd570000 - 0x000007fefd5da000 	C:\Windows\system32\KERNELBASE.dll
0x000007feff5b0000 - 0x000007feff68b000 	C:\Windows\system32\ADVAPI32.dll
0x000007feffba0000 - 0x000007feffc3f000 	C:\Windows\system32\msvcrt.dll
0x000007fefea90000 - 0x000007fefeaaf000 	C:\Windows\SYSTEM32\sechost.dll
0x000007fefed70000 - 0x000007fefee9c000 	C:\Windows\system32\RPCRT4.dll
0x0000000077850000 - 0x000000007794a000 	C:\Windows\system32\USER32.dll
0x000007feffb30000 - 0x000007feffb97000 	C:\Windows\system32\GDI32.dll
0x000007feffaf0000 - 0x000007feffafe000 	C:\Windows\system32\LPK.dll
0x000007fefeea0000 - 0x000007fefef6b000 	C:\Windows\system32\USP10.dll
0x000007fefc5d0000 - 0x000007fefc7c5000 	C:\Windows\WinSxS\amd64_microsoft.windows.common-controls_6595b64144ccf1df_6.0.7601.24440_none_e36f1bbf30ff0606\COMCTL32.dll
0x000007fefd800000 - 0x000007fefd871000 	C:\Windows\system32\SHLWAPI.dll
0x000007feffb00000 - 0x000007feffb2e000 	C:\Windows\system32\IMM32.DLL
0x000007fefe920000 - 0x000007fefea29000 	C:\Windows\system32\MSCTF.dll
0x0000000064680000 - 0x0000000064752000 	C:\Program Files\Java\jdk1.8.0_181\jre\bin\msvcr100.dll
0x000000005e550000 - 0x000000005eda1000 	C:\Program Files\Java\jdk1.8.0_181\jre\bin\dcevm\jvm.dll
0x000007fef6b10000 - 0x000007fef6b19000 	C:\Windows\system32\WSOCK32.dll
0x000007fefdaa0000 - 0x000007fefdaed000 	C:\Windows\system32\WS2_32.dll
0x000007fefd7f0000 - 0x000007fefd7f8000 	C:\Windows\system32\NSI.dll
0x000007fefa970000 - 0x000007fefa9ab000 	C:\Windows\system32\WINMM.dll
0x000007fefc810000 - 0x000007fefc81c000 	C:\Windows\system32\VERSION.dll
0x0000000077af0000 - 0x0000000077af7000 	C:\Windows\system32\PSAPI.DLL
0x0000000071b50000 - 0x0000000071b5f000 	C:\Program Files\Java\jdk1.8.0_181\jre\bin\verify.dll
0x0000000071b20000 - 0x0000000071b49000 	C:\Program Files\Java\jdk1.8.0_181\jre\bin\java.dll
0x000000006fb90000 - 0x000000006fbb3000 	C:\Program Files\Java\jdk1.8.0_181\jre\bin\instrument.dll
0x0000000071b00000 - 0x0000000071b16000 	C:\Program Files\Java\jdk1.8.0_181\jre\bin\zip.dll
0x000007fefdaf0000 - 0x000007fefe87b000 	C:\Windows\system32\SHELL32.dll
0x000007fefd880000 - 0x000007fefda7f000 	C:\Windows\system32\ole32.dll
0x000007fefd440000 - 0x000007fefd44f000 	C:\Windows\system32\profapi.dll
0x0000000071970000 - 0x000000007198a000 	C:\Program Files\Java\jdk1.8.0_181\jre\bin\net.dll
0x000007fefcba0000 - 0x000007fefcbf5000 	C:\Windows\system32\mswsock.dll
0x000007fefcd10000 - 0x000007fefcd17000 	C:\Windows\System32\wship6.dll
0x0000000071950000 - 0x0000000071961000 	C:\Program Files\Java\jdk1.8.0_181\jre\bin\nio.dll
0x000007fef2dd0000 - 0x000007fef2dea000 	C:\Program Files\JetBrains\IntelliJ IDEA 2018.3.2\bin\breakgen64.dll
0x0000000071ae0000 - 0x0000000071aed000 	C:\Program Files\Java\jdk1.8.0_181\jre\bin\management.dll
0x000007fefa330000 - 0x000007fefa345000 	C:\Windows\system32\NLAapi.dll
0x000007fef4af0000 - 0x000007fef4b05000 	C:\Windows\system32\napinsp.dll
0x000007fef4ad0000 - 0x000007fef4ae9000 	C:\Windows\system32\pnrpnsp.dll
0x000007fefca30000 - 0x000007fefca8b000 	C:\Windows\system32\DNSAPI.dll
0x000007fef4ac0000 - 0x000007fef4acb000 	C:\Windows\System32\winrnr.dll
0x0000000072e20000 - 0x0000000072e46000 	C:\Program Files\Bonjour\mdnsNSP.dll
0x000007fef97a0000 - 0x000007fef97c7000 	C:\Windows\system32\Iphlpapi.DLL
0x000007fef9770000 - 0x000007fef977b000 	C:\Windows\system32\WINNSI.DLL
0x000007fef4ab0000 - 0x000007fef4ac0000 	C:\Windows\system32\wshbth.dll
0x000007fefbef0000 - 0x000007fefbef7000 	C:\Windows\System32\wshtcpip.dll
0x000007fef4960000 - 0x000007fef4968000 	C:\Windows\system32\rasadhlp.dll
0x000007fef93b0000 - 0x000007fef9403000 	C:\Windows\System32\fwpuclnt.dll
0x000007fefce40000 - 0x000007fefce58000 	C:\Windows\system32\CRYPTSP.dll
0x000007fefc910000 - 0x000007fefc957000 	C:\Windows\system32\rsaenh.dll
0x000007fefd7d0000 - 0x000007fefd7ee000 	C:\Windows\system32\USERENV.dll
0x000007fefd2d0000 - 0x000007fefd2df000 	C:\Windows\system32\CRYPTBASE.dll
0x000007fef8540000 - 0x000007fef8558000 	C:\Windows\system32\dhcpcsvc.DLL
0x000007fef8520000 - 0x000007fef8531000 	C:\Windows\system32\dhcpcsvc6.DLL
0x000007fef9fb0000 - 0x000007fefa0d5000 	C:\Windows\system32\dbghelp.dll

VM Arguments:
jvm_args: -javaagent:E:\02_project_research\build_project_stuff\hotswap-agent.jar -XX:TieredStopAtLevel=1 -Xverify:none -Dspring.output.ansi.enabled=always -Dcom.sun.management.jmxremote -Dcom.sun.management.jmxremote.port=58617 -Dcom.sun.management.jmxremote.authenticate=false -Dcom.sun.management.jmxremote.ssl=false -Djava.rmi.server.hostname=localhost -Dspring.liveBeansView.mbeanDomain -Dspring.application.admin.enabled=true -javaagent:C:\Program Files\JetBrains\IntelliJ IDEA 2018.3.2\lib\idea_rt.jar=58618:C:\Program Files\JetBrains\IntelliJ IDEA 2018.3.2\bin -Dfile.encoding=UTF-8 
java_command: com.fullstack.FullstackApplication
java_class_path (initial): C:\Program Files\Java\jdk1.8.0_181\jre\lib\charsets.jar;C:\Program Files\Java\jdk1.8.0_181\jre\lib\deploy.jar;C:\Program Files\Java\jdk1.8.0_181\jre\lib\ext\access-bridge-64.jar;C:\Program Files\Java\jdk1.8.0_181\jre\lib\ext\cldrdata.jar;C:\Program Files\Java\jdk1.8.0_181\jre\lib\ext\dnsns.jar;C:\Program Files\Java\jdk1.8.0_181\jre\lib\ext\jaccess.jar;C:\Program Files\Java\jdk1.8.0_181\jre\lib\ext\jfxrt.jar;C:\Program Files\Java\jdk1.8.0_181\jre\lib\ext\localedata.jar;C:\Program Files\Java\jdk1.8.0_181\jre\lib\ext\nashorn.jar;C:\Program Files\Java\jdk1.8.0_181\jre\lib\ext\sunec.jar;C:\Program Files\Java\jdk1.8.0_181\jre\lib\ext\sunjce_provider.jar;C:\Program Files\Java\jdk1.8.0_181\jre\lib\ext\sunmscapi.jar;C:\Program Files\Java\jdk1.8.0_181\jre\lib\ext\sunpkcs11.jar;C:\Program Files\Java\jdk1.8.0_181\jre\lib\ext\zipfs.jar;C:\Program Files\Java\jdk1.8.0_181\jre\lib\javaws.jar;C:\Program Files\Java\jdk1.8.0_181\jre\lib\jce.jar;C:\Program Files\Java\jdk1.8.0_181\jre\lib\jfr.jar;C:\Program Files\Java\jdk1.8.0_181\jre\lib\jfxswt.jar;C:\Program Files\Java\jdk1.8.0_181\jre\lib\jsse.jar;C:\Program Files\Java\jdk1.8.0_181\jre\lib\management-agent.jar;C:\Program Files\Java\jdk1.8.0_181\jre\lib\plugin.jar;C:\Program Files\Java\jdk1.8.0_181\jre\lib\resources.jar;C:\Program Files\Java\jdk1.8.0_181\jre\lib\rt.jar;E:\02_project_research\fullstack\target\classes;C:\Users\Lam\.m2\repository\org\springframework\boot\spring-boot-starter-data-jpa\2.1.4.RELEASE\spring-boot-starter-data-jpa-2.1.4.RELEASE.jar;C:\Users\Lam\.m2\repository\org\springframework\boot\spring-boot-starter-aop\2.1.4.RELEASE\spring-boot-starter-aop-2.1.4.RELEASE.jar;C:\Users\Lam\.m2\repository\org\aspectj\aspectjweaver\1.9.2\aspectjweaver-1.9.2.jar;C:\Users\Lam\.m2\repository\org\springframework\boot\spring-boot-starter-jdbc\2.1.4.RELEASE\spring-boot-starter-jdbc-2.1.4.RELEASE.jar;C:\Users\Lam\.m2\repository\com\zaxxer\HikariCP\3.2.0\HikariCP-3.2.0.jar;C:\Users\Lam\.m2\repository\org\s
Launcher Type: SUN_STANDARD

Environment Variables:
JAVA_HOME=C:\Program Files\Java\jdk1.8.0_181
PATH=C:\Program Files (x86)\Common Files\Oracle\Java\javapath;E:\app\Lam\product\11.2.0\dbhome_1\bin;C:\Program Files (x86)\Intel\iCLS Client\;C:\Program Files\Intel\iCLS Client\;C:\Program Files (x86)\Common Files\Oracle\Java\javapath;C:\Windows\system32;C:\Windows;C:\Windows\System32\Wbem;C:\Windows\System32\WindowsPowerShell\v1.0\;C:\Program Files\Intel\WiFi\bin\;C:\Program Files\Common Files\Intel\WirelessCommon\;C:\Program Files\ThinkPad\Bluetooth Software\;C:\Program Files\ThinkPad\Bluetooth Software\syswow64;C:\Program Files (x86)\Intel\Intel(R) Management Engine Components\DAL;C:\Program Files\Intel\Intel(R) Management Engine Components\DAL;C:\Program Files (x86)\Intel\Intel(R) Management Engine Components\IPT;C:\Program Files\Intel\Intel(R) Management Engine Components\IPT;C:\Program Files\Git\cmd;C:\Program Files\nodejs\;C:\Program Files\TortoiseSVN\bin;C:\Program Files\PuTTY\;C:\Program Files\TortoiseGit\bin;C:\Program Files\MySQL\MySQL Server 8.0\bin;E:\02_project_research\apache-tomcat-8.5.40\bin;C:\Program Files\Intel\WiFi\bin\;C:\Program Files\Common Files\Intel\WirelessCommon\;C:\Users\Lam\AppData\Roaming\npm;C:\Users\Lam\AppData\Local\Programs\Fiddler;C:\Program Files\JetBrains\IntelliJ IDEA 2018.3.2\bin;;C:\Program Files\MySQL\MySQL Server 8.0\bin\bin;
USERNAME=Lam
OS=Windows_NT
PROCESSOR_IDENTIFIER=Intel64 Family 6 Model 58 Stepping 9, GenuineIntel



---------------  S Y S T E M  ---------------

OS: Windows 7 , 64 bit Build 7601 (6.1.7601.24441)

CPU:total 4 (initial active 4) (2 cores per cpu, 2 threads per core) family 6 model 58 stepping 9, cmov, cx8, fxsr, mmx, sse, sse2, sse3, ssse3, sse4.1, sse4.2, popcnt, avx, aes, clmul, erms, ht, tsc, tscinvbit, tscinv

Memory: 4k page, physical 8078860k(836028k free), swap 44940960k(31845540k free)

vm_info: Dynamic Code Evolution 64-Bit Server VM (25.71-b01-dcevmlight-26) for windows-amd64 JRE (1.8.0), built on Jul 31 2018 12:14:42 by "" with MS VC++ 10.0 (VS2010)

time: Wed May 15 14:09:25 2019
elapsed time: 54 seconds (0d 0h 0m 54s)

