#
# A fatal error has been detected by the Java Runtime Environment:
#
#  EXCEPTION_ACCESS_VIOLATION (0xc0000005) at pc=0x00000000635a27bd, pid=6628, tid=0x00000000000001c8
#
# JRE version: Java(TM) SE Runtime Environment (8.0_181-b13) (build 1.8.0_181-b13)
# Java VM: Dynamic Code Evolution 64-Bit Server VM (25.71-b01-dcevmlight-26 mixed mode windows-amd64 compressed oops)
# Problematic frame:
# V  [jvm.dll+0xd27bd]
#
# Failed to write core dump. Minidumps are not enabled by default on client versions of Windows
#
# If you would like to submit a bug report, please visit:
#   https://github.com/dcevm/dcevm/issues
#

---------------  T H R E A D  ---------------

Current thread (0x0000000052ab6000):  VMThread [stack: 0x0000000052c20000,0x0000000052d20000] [id=456]

siginfo: ExceptionCode=0xc0000005, reading address 0x0000000000000010

Registers:
RAX=0x00000000000000ff, RBX=0x0000000000004901, RCX=0x0000000000000000, RDX=0x0000000000000000
RSP=0x0000000052d1f540, RBP=0x0000000052d1f670, RSI=0x0000000000004901, RDI=0x000000005da560e8
R8 =0x0000000052a935c0, R9 =0x0000000000000003, R10=0x0000000000000003, R11=0x000000005da58772
R12=0x0000000052d1f700, R13=0x0000000052d1f6f0, R14=0x0000000000000000, R15=0x0000000000000000
RIP=0x00000000635a27bd, EFLAGS=0x0000000000010202

Top of Stack: (sp=0x0000000052d1f540)
0x0000000052d1f540:   00000000000000b7 0000000052d1f670
0x0000000052d1f550:   00000000000000b7 0000000000000020
0x0000000052d1f560:   0000000000000036 00000000636871d0
0x0000000052d1f570:   0000000000000000 00000000000000b7
0x0000000052d1f580:   0000000000000002 0000000000000012
0x0000000052d1f590:   0000000052d1f670 00000000726c20da
0x0000000052d1f5a0:   0000000052ab71c0 00000000726f4e7e
0x0000000052d1f5b0:   000000000208d760 00000000726c5695
0x0000000052d1f5c0:   0000000052d1f920 00000000726c20da
0x0000000052d1f5d0:   0000000000000000 00000000ffffffd9
0x0000000052d1f5e0:   0000000000000027 00000000726f38a8
0x0000000052d1f5f0:   0000000052d1fad8 0000000052d1f6f0
0x0000000052d1f600:   0000000052d1f920 00000000726dd79a
0x0000000052d1f610:   0000000052ab71c0 00000000726f4e7e
0x0000000052d1f620:   0000000052d1f7c0 0000000000000000
0x0000000052d1f630:   0000000000000001 0000000063c9d828 

Instructions: (pc=0x00000000635a27bd)
0x00000000635a279d:   0f b7 d8 48 63 c3 0f b7 44 c7 50 48 8b 44 c7 50
0x00000000635a27ad:   48 89 44 24 30 f6 d0 48 8b 4c 24 30 a8 01 74 0f
0x00000000635a27bd:   48 8b 41 10 48 8b 5c 24 38 48 83 c4 20 5f c3 48
0x00000000635a27cd:   8b 5c 24 38 48 83 e1 fe 48 8b c1 48 83 c4 20 5f 


Register to memory mapping:

RAX=0x00000000000000ff is an unknown value
RBX=0x0000000000004901 is an unknown value
RCX=0x0000000000000000 is an unknown value
RDX=0x0000000000000000 is an unknown value
RSP=0x0000000052d1f540 is an unknown value
RBP=0x0000000052d1f670 is an unknown value
RSI=0x0000000000004901 is an unknown value
RDI=0x000000005da560e8 is pointing into metadata
R8 =0x0000000052a935c0 is an unknown value
R9 =0x0000000000000003 is an unknown value
R10=0x0000000000000003 is an unknown value
R11=0x000000005da58772 is pointing into metadata
R12=0x0000000052d1f700 is an unknown value
R13=0x0000000052d1f6f0 is an unknown value
R14=0x0000000000000000 is an unknown value
R15=0x0000000000000000 is an unknown value


Stack: [0x0000000052c20000,0x0000000052d20000],  sp=0x0000000052d1f540,  free space=1021k
Native frames: (J=compiled Java code, j=interpreted, Vv=VM code, C=native code)
V  [jvm.dll+0xd27bd]
V  [jvm.dll+0x1b71d0]
V  [jvm.dll+0x1b8122]
V  [jvm.dll+0x1a9e55]
V  [jvm.dll+0x1af00f]
V  [jvm.dll+0x1afc6a]
V  [jvm.dll+0x22caf7]
V  [jvm.dll+0x22bdb2]
V  [jvm.dll+0x22c231]
V  [jvm.dll+0x22c44e]
V  [jvm.dll+0x2767ea]
C  [msvcr100.dll+0x21d9f]
C  [msvcr100.dll+0x21e3b]
C  [kernel32.dll+0x1555d]
C  [ntdll.dll+0x5385d]

VM_Operation (0x000000005d17efb0): RedefineClasses, mode: safepoint, requested by thread 0x0000000054596800


---------------  P R O C E S S  ---------------

Java Threads: ( => current thread )
  0x000000005539f000 JavaThread "Thread-48" daemon [_thread_blocked, id=7724, stack(0x000000005a9d0000,0x000000005aad0000)]
  0x000000005579a000 JavaThread "Thread-47" daemon [_thread_blocked, id=6616, stack(0x000000005c770000,0x000000005c870000)]
  0x0000000054596800 JavaThread "Thread-46" daemon [_thread_blocked, id=2000, stack(0x000000005d080000,0x000000005d180000)]
  0x0000000055798800 JavaThread "RMI TCP Connection(10)-127.0.0.1" daemon [_thread_in_native, id=6464, stack(0x000000005d720000,0x000000005d820000)]
  0x0000000055799800 JavaThread "RMI TCP Connection(9)-127.0.0.1" daemon [_thread_in_native, id=4080, stack(0x000000005d8d0000,0x000000005d9d0000)]
  0x0000000055798000 JavaThread "DestroyJavaVM" [_thread_blocked, id=7276, stack(0x00000000023c0000,0x00000000024c0000)]
  0x0000000055797000 JavaThread "http-nio-8080-Acceptor-0" daemon [_thread_in_native, id=4340, stack(0x000000005d5c0000,0x000000005d6c0000)]
  0x0000000055796800 JavaThread "http-nio-8080-ClientPoller-1" daemon [_thread_in_native, id=6048, stack(0x000000005d430000,0x000000005d530000)]
  0x0000000055795800 JavaThread "http-nio-8080-ClientPoller-0" daemon [_thread_in_native, id=164, stack(0x000000005d290000,0x000000005d390000)]
  0x0000000055795000 JavaThread "http-nio-8080-exec-10" daemon [_thread_blocked, id=6692, stack(0x000000005d190000,0x000000005d290000)]
  0x0000000055794000 JavaThread "http-nio-8080-exec-9" daemon [_thread_blocked, id=6008, stack(0x000000005cf40000,0x000000005d040000)]
  0x0000000055793800 JavaThread "http-nio-8080-exec-8" daemon [_thread_blocked, id=5696, stack(0x000000005c1f0000,0x000000005c2f0000)]
  0x00000000559d1000 JavaThread "http-nio-8080-exec-7" daemon [_thread_blocked, id=6684, stack(0x000000005cd10000,0x000000005ce10000)]
  0x00000000559d0000 JavaThread "http-nio-8080-exec-6" daemon [_thread_blocked, id=3936, stack(0x000000005caf0000,0x000000005cbf0000)]
  0x00000000559cf800 JavaThread "http-nio-8080-exec-5" daemon [_thread_blocked, id=7280, stack(0x000000005c9a0000,0x000000005caa0000)]
  0x00000000559ce800 JavaThread "http-nio-8080-exec-4" daemon [_thread_blocked, id=2924, stack(0x000000005c880000,0x000000005c980000)]
  0x00000000559ce000 JavaThread "http-nio-8080-exec-3" daemon [_thread_blocked, id=2472, stack(0x000000005b910000,0x000000005ba10000)]
  0x000000005459e800 JavaThread "http-nio-8080-exec-2" daemon [_thread_blocked, id=6200, stack(0x000000005c670000,0x000000005c770000)]
  0x000000005459d800 JavaThread "http-nio-8080-exec-1" daemon [_thread_blocked, id=5956, stack(0x000000005c4f0000,0x000000005c5f0000)]
  0x000000005459d000 JavaThread "NioBlockingSelector.BlockPoller-1" daemon [_thread_in_native, id=8016, stack(0x000000005c310000,0x000000005c410000)]
  0x000000005459c000 JavaThread "Live Reload Server" daemon [_thread_in_native, id=7220, stack(0x000000005bd10000,0x000000005be10000)]
  0x000000005459b800 JavaThread "File Watcher" daemon [_thread_blocked, id=3828, stack(0x000000005c0d0000,0x000000005c1d0000)]
  0x0000000054596000 JavaThread "HikariPool-1 housekeeper" daemon [_thread_blocked, id=6132, stack(0x000000005a8b0000,0x000000005a9b0000)]
  0x0000000054595000 JavaThread "mysql-cj-abandoned-connection-cleanup" daemon [_thread_blocked, id=7892, stack(0x000000005a570000,0x000000005a670000)]
  0x0000000054594800 JavaThread "container-0" [_thread_blocked, id=3476, stack(0x00000000564b0000,0x00000000565b0000)]
  0x0000000054593000 JavaThread "Catalina-utility-2" [_thread_blocked, id=7560, stack(0x0000000058250000,0x0000000058350000)]
  0x0000000054593800 JavaThread "Catalina-utility-1" [_thread_blocked, id=6508, stack(0x000000005a410000,0x000000005a510000)]
  0x0000000054592000 JavaThread "RMI TCP Connection(8)-127.0.0.1" daemon [_thread_in_native, id=2788, stack(0x0000000058950000,0x0000000058a50000)]
  0x0000000054591800 JavaThread "RMI TCP Connection(5)-127.0.0.1" daemon [_thread_in_native, id=1560, stack(0x00000000585e0000,0x00000000586e0000)]
  0x0000000054590000 JavaThread "RMI TCP Connection(3)-127.0.0.1" daemon [_thread_in_native, id=6932, stack(0x0000000054750000,0x0000000054850000)]
  0x00000000545e2000 JavaThread "RMI Scheduler(0)" daemon [_thread_blocked, id=5476, stack(0x0000000056810000,0x0000000056910000)]
  0x0000000054309000 JavaThread "RMI TCP Connection(7)-127.0.0.1" daemon [_thread_in_native, id=4296, stack(0x0000000053130000,0x0000000053230000)]
  0x00000000542a4800 JavaThread "RMI TCP Connection(1)-127.0.0.1" daemon [_thread_in_native, id=8012, stack(0x0000000056f50000,0x0000000057050000)]
  0x0000000055009800 JavaThread "RMI TCP Accept-0" daemon [_thread_in_native, id=5728, stack(0x0000000056dc0000,0x0000000056ec0000)]
  0x0000000055002800 JavaThread "RMI TCP Accept-50301" daemon [_thread_in_native, id=7820, stack(0x0000000056c50000,0x0000000056d50000)]
  0x0000000054fa7000 JavaThread "RMI TCP Accept-0" daemon [_thread_in_native, id=1388, stack(0x0000000056640000,0x0000000056740000)]
  0x00000000550a9000 JavaThread "Service Thread" daemon [_thread_blocked, id=2344, stack(0x0000000056370000,0x0000000056470000)]
  0x0000000055079000 JavaThread "C1 CompilerThread2" daemon [_thread_blocked, id=6384, stack(0x00000000561a0000,0x00000000562a0000)]
  0x0000000055077800 JavaThread "C2 CompilerThread1" daemon [_thread_blocked, id=5912, stack(0x0000000055fd0000,0x00000000560d0000)]
  0x0000000055074800 JavaThread "C2 CompilerThread0" daemon [_thread_blocked, id=5792, stack(0x0000000053460000,0x0000000053560000)]
  0x0000000053ff3800 JavaThread "Thread-3" daemon [_thread_blocked, id=6028, stack(0x0000000054e40000,0x0000000054f40000)]
  0x0000000053fe6800 JavaThread "HotSwap Dispatcher" daemon [_thread_blocked, id=6860, stack(0x0000000054c90000,0x0000000054d90000)]
  0x0000000053f1c000 JavaThread "HotSwap Watcher" daemon [_thread_blocked, id=1592, stack(0x0000000054a50000,0x0000000054b50000)]
  0x0000000053f60800 JavaThread "Thread-0" daemon [_thread_in_native, id=7052, stack(0x0000000054850000,0x0000000054950000)]
  0x0000000052b41800 JavaThread "JDWP Command Reader" daemon [_thread_in_native, id=5224, stack(0x0000000053a50000,0x0000000053b50000)]
  0x0000000052b3e000 JavaThread "JDWP Event Helper Thread" daemon [_thread_blocked, id=1368, stack(0x00000000538d0000,0x00000000539d0000)]
  0x0000000052b36000 JavaThread "JDWP Transport Listener: dt_socket" daemon [_thread_blocked, id=5784, stack(0x0000000053700000,0x0000000053800000)]
  0x0000000052b21800 JavaThread "Attach Listener" daemon [_thread_blocked, id=2900, stack(0x0000000053340000,0x0000000053440000)]
  0x0000000052b32000 JavaThread "Signal Dispatcher" daemon [_thread_blocked, id=7376, stack(0x0000000053240000,0x0000000053340000)]
  0x0000000052b08000 JavaThread "Finalizer" daemon [_thread_blocked, id=7156, stack(0x0000000053020000,0x0000000053120000)]
  0x0000000052ac0800 JavaThread "Reference Handler" daemon [_thread_blocked, id=844, stack(0x0000000052e40000,0x0000000052f40000)]

Other Threads:
=>0x0000000052ab6000 VMThread [stack: 0x0000000052c20000,0x0000000052d20000] [id=456]
  0x000000005500e000 WatcherThread [stack: 0x0000000054950000,0x0000000054a50000] [id=5484]

VM state:at safepoint (normal execution)

VM Mutex/Monitor currently owned by a thread:  ([mutex/lock_event])
[0x0000000002088980] Threads_lock - owner thread: 0x0000000052ab6000
[0x0000000002088e80] Heap_lock - owner thread: 0x0000000054596800

Heap:
 def new generation   total 38144K, used 12526K [0x0000000084a00000, 0x0000000087360000, 0x00000000adc00000)
  eden space 33920K,  30% used [0x0000000084a00000, 0x000000008543b0d8, 0x0000000086b20000)
  from space 4224K,  48% used [0x0000000086b20000, 0x0000000086d20a88, 0x0000000086f40000)
  to   space 4224K,   0% used [0x0000000086f40000, 0x0000000086f40000, 0x0000000087360000)
 tenured generation   total 84672K, used 35525K [0x00000000adc00000, 0x00000000b2eb0000, 0x0000000100000000)
   the space 84672K,  41% used [0x00000000adc00000, 0x00000000afeb14b0, 0x00000000afeb1600, 0x00000000b2eb0000)
 Metaspace       used 66500K, capacity 68714K, committed 69016K, reserved 1110016K
  class space    used 8385K, capacity 8795K, committed 8872K, reserved 1048576K

Card table byte_map: [0x0000000011b50000,0x0000000011f30000] byte_map_base: 0x000000001172b000

Polling page: 0x0000000000230000

CodeCache: size=245760Kb used=11544Kb max_used=11544Kb free=234215Kb
 bounds [0x0000000002790000, 0x00000000032e0000, 0x0000000011790000]
 total_blobs=5744 nmethods=5006 adapters=659
 compilation: enabled

Compilation events (10 events):
Event: 25.391 Thread 0x0000000055079000 5084       1       java.util.regex.Pattern$Curly::study (153 bytes)
Event: 25.392 Thread 0x0000000055079000 nmethod 5084 0x00000000032d5090 code [0x00000000032d5200, 0x00000000032d5458]
Event: 25.405 Thread 0x0000000055079000 5085       1       java.util.Arrays::sort (37 bytes)
Event: 25.405 Thread 0x0000000055079000 nmethod 5085 0x00000000032d5550 code [0x00000000032d56c0, 0x00000000032d5878]
Event: 25.415 Thread 0x0000000055079000 5086       1       java.lang.Class::getDeclaredField (34 bytes)
Event: 25.416 Thread 0x0000000055079000 nmethod 5086 0x00000000032d5990 code [0x00000000032d5b40, 0x00000000032d5d68]
Event: 25.428 Thread 0x0000000055079000 5087       1       java.lang.Class::searchFields (41 bytes)
Event: 25.429 Thread 0x0000000055079000 nmethod 5087 0x00000000032d5e90 code [0x00000000032d6040, 0x00000000032d6348]
Event: 25.429 Thread 0x0000000055079000 5088       1       java.util.Calendar::getBaseStyle (5 bytes)
Event: 25.429 Thread 0x0000000055079000 nmethod 5088 0x00000000032d6650 code [0x00000000032d67a0, 0x00000000032d68b0]

GC Heap History (10 events):
Event: 13.609 GC heap before
{Heap before GC invocations=85 (full 3):
 def new generation   total 38144K, used 36824K [0x0000000084a00000, 0x0000000087360000, 0x00000000adc00000)
  eden space 33920K, 100% used [0x0000000084a00000, 0x0000000086b20000, 0x0000000086b20000)
  from space 4224K,  68% used [0x0000000086f40000, 0x0000000087216388, 0x0000000087360000)
  to   space 4224K,   0% used [0x0000000086b20000, 0x0000000086b20000, 0x0000000086f40000)
 tenured generation   total 84672K, used 34051K [0x00000000adc00000, 0x00000000b2eb0000, 0x0000000100000000)
   the space 84672K,  40% used [0x00000000adc00000, 0x00000000afd40c80, 0x00000000afd40e00, 0x00000000b2eb0000)
 Metaspace       used 63795K, capacity 65978K, committed 66072K, reserved 1107968K
  class space    used 8033K, capacity 8436K, committed 8488K, reserved 1048576K
Event: 13.618 GC heap after
Heap after GC invocations=86 (full 3):
 def new generation   total 38144K, used 2525K [0x0000000084a00000, 0x0000000087360000, 0x00000000adc00000)
  eden space 33920K,   0% used [0x0000000084a00000, 0x0000000084a00000, 0x0000000086b20000)
  from space 4224K,  59% used [0x0000000086b20000, 0x0000000086d97530, 0x0000000086f40000)
  to   space 4224K,   0% used [0x0000000086f40000, 0x0000000086f40000, 0x0000000087360000)
 tenured generation   total 84672K, used 34998K [0x00000000adc00000, 0x00000000b2eb0000, 0x0000000100000000)
   the space 84672K,  41% used [0x00000000adc00000, 0x00000000afe2d830, 0x00000000afe2da00, 0x00000000b2eb0000)
 Metaspace       used 63795K, capacity 65978K, committed 66072K, reserved 1107968K
  class space    used 8033K, capacity 8436K, committed 8488K, reserved 1048576K
}
Event: 13.723 GC heap before
{Heap before GC invocations=86 (full 3):
 def new generation   total 38144K, used 36445K [0x0000000084a00000, 0x0000000087360000, 0x00000000adc00000)
  eden space 33920K, 100% used [0x0000000084a00000, 0x0000000086b20000, 0x0000000086b20000)
  from space 4224K,  59% used [0x0000000086b20000, 0x0000000086d97530, 0x0000000086f40000)
  to   space 4224K,   0% used [0x0000000086f40000, 0x0000000086f40000, 0x0000000087360000)
 tenured generation   total 84672K, used 34998K [0x00000000adc00000, 0x00000000b2eb0000, 0x0000000100000000)
   the space 84672K,  41% used [0x00000000adc00000, 0x00000000afe2d830, 0x00000000afe2da00, 0x00000000b2eb0000)
 Metaspace       used 64371K, capacity 66464K, committed 66584K, reserved 1107968K
  class space    used 8084K, capacity 8469K, committed 8488K, reserved 1048576K
Event: 13.729 GC heap after
Heap after GC invocations=87 (full 3):
 def new generation   total 38144K, used 410K [0x0000000084a00000, 0x0000000087360000, 0x00000000adc00000)
  eden space 33920K,   0% used [0x0000000084a00000, 0x0000000084a00000, 0x0000000086b20000)
  from space 4224K,   9% used [0x0000000086f40000, 0x0000000086fa6b30, 0x0000000087360000)
  to   space 4224K,   0% used [0x0000000086b20000, 0x0000000086b20000, 0x0000000086f40000)
 tenured generation   total 84672K, used 35525K [0x00000000adc00000, 0x00000000b2eb0000, 0x0000000100000000)
   the space 84672K,  41% used [0x00000000adc00000, 0x00000000afeb14b0, 0x00000000afeb1600, 0x00000000b2eb0000)
 Metaspace       used 64371K, capacity 66464K, committed 66584K, reserved 1107968K
  class space    used 8084K, capacity 8469K, committed 8488K, reserved 1048576K
}
Event: 13.858 GC heap before
{Heap before GC invocations=87 (full 3):
 def new generation   total 38144K, used 34330K [0x0000000084a00000, 0x0000000087360000, 0x00000000adc00000)
  eden space 33920K, 100% used [0x0000000084a00000, 0x0000000086b20000, 0x0000000086b20000)
  from space 4224K,   9% used [0x0000000086f40000, 0x0000000086fa6b30, 0x0000000087360000)
  to   space 4224K,   0% used [0x0000000086b20000, 0x0000000086b20000, 0x0000000086f40000)
 tenured generation   total 84672K, used 35525K [0x00000000adc00000, 0x00000000b2eb0000, 0x0000000100000000)
   the space 84672K,  41% used [0x00000000adc00000, 0x00000000afeb14b0, 0x00000000afeb1600, 0x00000000b2eb0000)
 Metaspace       used 64964K, capacity 67130K, committed 67480K, reserved 1107968K
  class space    used 8140K, capacity 8538K, committed 8616K, reserved 1048576K
Event: 13.863 GC heap after
Heap after GC invocations=88 (full 3):
 def new generation   total 38144K, used 867K [0x0000000084a00000, 0x0000000087360000, 0x00000000adc00000)
  eden space 33920K,   0% used [0x0000000084a00000, 0x0000000084a00000, 0x0000000086b20000)
  from space 4224K,  20% used [0x0000000086b20000, 0x0000000086bf8d60, 0x0000000086f40000)
  to   space 4224K,   0% used [0x0000000086f40000, 0x0000000086f40000, 0x0000000087360000)
 tenured generation   total 84672K, used 35525K [0x00000000adc00000, 0x00000000b2eb0000, 0x0000000100000000)
   the space 84672K,  41% used [0x00000000adc00000, 0x00000000afeb14b0, 0x00000000afeb1600, 0x00000000b2eb0000)
 Metaspace       used 64964K, capacity 67130K, committed 67480K, reserved 1107968K
  class space    used 8140K, capacity 8538K, committed 8616K, reserved 1048576K
}
Event: 14.139 GC heap before
{Heap before GC invocations=88 (full 3):
 def new generation   total 38144K, used 34787K [0x0000000084a00000, 0x0000000087360000, 0x00000000adc00000)
  eden space 33920K, 100% used [0x0000000084a00000, 0x0000000086b20000, 0x0000000086b20000)
  from space 4224K,  20% used [0x0000000086b20000, 0x0000000086bf8d60, 0x0000000086f40000)
  to   space 4224K,   0% used [0x0000000086f40000, 0x0000000086f40000, 0x0000000087360000)
 tenured generation   total 84672K, used 35525K [0x00000000adc00000, 0x00000000b2eb0000, 0x0000000100000000)
   the space 84672K,  41% used [0x00000000adc00000, 0x00000000afeb14b0, 0x00000000afeb1600, 0x00000000b2eb0000)
 Metaspace       used 65697K, capacity 68004K, committed 68120K, reserved 1107968K
  class space    used 8257K, capacity 8666K, committed 8744K, reserved 1048576K
Event: 14.145 GC heap after
Heap after GC invocations=89 (full 3):
 def new generation   total 38144K, used 1963K [0x0000000084a00000, 0x0000000087360000, 0x00000000adc00000)
  eden space 33920K,   0% used [0x0000000084a00000, 0x0000000084a00000, 0x0000000086b20000)
  from space 4224K,  46% used [0x0000000086f40000, 0x000000008712ae58, 0x0000000087360000)
  to   space 4224K,   0% used [0x0000000086b20000, 0x0000000086b20000, 0x0000000086f40000)
 tenured generation   total 84672K, used 35525K [0x00000000adc00000, 0x00000000b2eb0000, 0x0000000100000000)
   the space 84672K,  41% used [0x00000000adc00000, 0x00000000afeb14b0, 0x00000000afeb1600, 0x00000000b2eb0000)
 Metaspace       used 65697K, capacity 68004K, committed 68120K, reserved 1107968K
  class space    used 8257K, capacity 8666K, committed 8744K, reserved 1048576K
}
Event: 14.196 GC heap before
{Heap before GC invocations=89 (full 3):
 def new generation   total 38144K, used 35883K [0x0000000084a00000, 0x0000000087360000, 0x00000000adc00000)
  eden space 33920K, 100% used [0x0000000084a00000, 0x0000000086b20000, 0x0000000086b20000)
  from space 4224K,  46% used [0x0000000086f40000, 0x000000008712ae58, 0x0000000087360000)
  to   space 4224K,   0% used [0x0000000086b20000, 0x0000000086b20000, 0x0000000086f40000)
 tenured generation   total 84672K, used 35525K [0x00000000adc00000, 0x00000000b2eb0000, 0x0000000100000000)
   the space 84672K,  41% used [0x00000000adc00000, 0x00000000afeb14b0, 0x00000000afeb1600, 0x00000000b2eb0000)
 Metaspace       used 66295K, capacity 68612K, committed 68760K, reserved 1110016K
  class space    used 8349K, capacity 8762K, committed 8872K, reserved 1048576K
Event: 14.202 GC heap after
Heap after GC invocations=90 (full 3):
 def new generation   total 38144K, used 2050K [0x0000000084a00000, 0x0000000087360000, 0x00000000adc00000)
  eden space 33920K,   0% used [0x0000000084a00000, 0x0000000084a00000, 0x0000000086b20000)
  from space 4224K,  48% used [0x0000000086b20000, 0x0000000086d20a88, 0x0000000086f40000)
  to   space 4224K,   0% used [0x0000000086f40000, 0x0000000086f40000, 0x0000000087360000)
 tenured generation   total 84672K, used 35525K [0x00000000adc00000, 0x00000000b2eb0000, 0x0000000100000000)
   the space 84672K,  41% used [0x00000000adc00000, 0x00000000afeb14b0, 0x00000000afeb1600, 0x00000000b2eb0000)
 Metaspace       used 66295K, capacity 68612K, committed 68760K, reserved 1110016K
  class space    used 8349K, capacity 8762K, committed 8872K, reserved 1048576K
}

Deoptimization events (0 events):
No events

Internal exceptions (10 events):
Event: 24.311 Thread 0x0000000053fe6800 Exception <a 'sun/nio/fs/WindowsException'> (0x0000000084feefd8) thrown at [C:\Jenkins\workspace\DCEVM-8u161\jdk\JDK1.8.0_181-x64\k\product\oops\nocompressed\slave\dcevm-win\hotspot\src\share\vm\prims\jni.cpp, line 710]
Event: 24.311 Thread 0x0000000053fe6800 Exception <a 'java/io/FileNotFoundException'> (0x0000000084ff0510) thrown at [C:\Jenkins\workspace\DCEVM-8u161\jdk\JDK1.8.0_181-x64\k\product\oops\nocompressed\slave\dcevm-win\hotspot\src\share\vm\prims\jni.cpp, line 710]
Event: 24.311 Thread 0x0000000053fe6800 Exception <a 'sun/nio/fs/WindowsException'> (0x0000000084ff0ed0) thrown at [C:\Jenkins\workspace\DCEVM-8u161\jdk\JDK1.8.0_181-x64\k\product\oops\nocompressed\slave\dcevm-win\hotspot\src\share\vm\prims\jni.cpp, line 710]
Event: 24.311 Thread 0x0000000053fe6800 Exception <a 'sun/nio/fs/WindowsException'> (0x0000000084ff1988) thrown at [C:\Jenkins\workspace\DCEVM-8u161\jdk\JDK1.8.0_181-x64\k\product\oops\nocompressed\slave\dcevm-win\hotspot\src\share\vm\prims\jni.cpp, line 710]
Event: 24.311 Thread 0x0000000053fe6800 Exception <a 'sun/nio/fs/WindowsException'> (0x0000000084ff1e80) thrown at [C:\Jenkins\workspace\DCEVM-8u161\jdk\JDK1.8.0_181-x64\k\product\oops\nocompressed\slave\dcevm-win\hotspot\src\share\vm\prims\jni.cpp, line 710]
Event: 24.311 Thread 0x0000000053fe6800 Exception <a 'sun/nio/fs/WindowsException'> (0x0000000084ff28a8) thrown at [C:\Jenkins\workspace\DCEVM-8u161\jdk\JDK1.8.0_181-x64\k\product\oops\nocompressed\slave\dcevm-win\hotspot\src\share\vm\prims\jni.cpp, line 710]
Event: 24.312 Thread 0x0000000053fe6800 Exception <a 'java/io/FileNotFoundException'> (0x0000000084ff3848) thrown at [C:\Jenkins\workspace\DCEVM-8u161\jdk\JDK1.8.0_181-x64\k\product\oops\nocompressed\slave\dcevm-win\hotspot\src\share\vm\prims\jni.cpp, line 710]
Event: 24.312 Thread 0x0000000053fe6800 Exception <a 'sun/nio/fs/WindowsException'> (0x0000000084ff40f8) thrown at [C:\Jenkins\workspace\DCEVM-8u161\jdk\JDK1.8.0_181-x64\k\product\oops\nocompressed\slave\dcevm-win\hotspot\src\share\vm\prims\jni.cpp, line 710]
Event: 25.415 Thread 0x0000000054596800 Exception <a 'java/lang/ClassCastException': org.springframework.cglib.proxy.Enhancer$EnhancerKey$$KeyFactoryByCGLIB$$4ce19e8f cannot be cast to java.lang.Class> (0x0000000085344c90) thrown at [C:\Jenkins\workspace\DCEVM-8u161\jdk\JDK1.8.0_181-x64\k\produ
Event: 25.425 Thread 0x0000000054596800 Exception <a 'java/lang/ClassCastException': org.springframework.cglib.proxy.Enhancer$EnhancerKey$$KeyFactoryByCGLIB$$4ce19e8f cannot be cast to java.lang.Class> (0x00000000853f2bb8) thrown at [C:\Jenkins\workspace\DCEVM-8u161\jdk\JDK1.8.0_181-x64\k\produ

Events (10 events):
Event: 25.423 Thread 0x0000000054596800 DEOPT PACKING pc=0x00000000032d5c31 sp=0x000000005d17caa0
Event: 25.423 Thread 0x0000000054596800 DEOPT UNPACKING pc=0x00000000027d75bf sp=0x000000005d17c7e8 mode 1
Event: 25.423 Thread 0x0000000054596800 DEOPT PACKING pc=0x0000000002bc804c sp=0x000000005d17ca10
Event: 25.423 Thread 0x0000000054596800 DEOPT UNPACKING pc=0x00000000027d75bf sp=0x000000005d17c7c8 mode 1
Event: 25.425 Thread 0x0000000054596800 DEOPT PACKING pc=0x00000000032d5c31 sp=0x000000005d17c990
Event: 25.425 Thread 0x0000000054596800 DEOPT UNPACKING pc=0x00000000027d75bf sp=0x000000005d17c6d8 mode 1
Event: 25.425 Thread 0x0000000054596800 DEOPT PACKING pc=0x00000000032d5c31 sp=0x000000005d17c990
Event: 25.425 Thread 0x0000000054596800 DEOPT UNPACKING pc=0x00000000027d75bf sp=0x000000005d17c6d8 mode 1
Event: 25.428 Thread 0x000000005539f000 Thread added: 0x000000005539f000
Event: 25.430 Executing VM operation: RedefineClasses


Dynamic libraries:
0x000000013ff10000 - 0x000000013ff47000 	C:\Program Files\Java\jdk1.8.0_181\bin\java.exe
0x0000000077370000 - 0x000000007750f000 	C:\Windows\SYSTEM32\ntdll.dll
0x0000000077250000 - 0x000000007736f000 	C:\Windows\system32\kernel32.dll
0x000007fefd160000 - 0x000007fefd1ca000 	C:\Windows\system32\KERNELBASE.dll
0x000007fefee80000 - 0x000007fefef5b000 	C:\Windows\system32\ADVAPI32.dll
0x000007fefd810000 - 0x000007fefd8af000 	C:\Windows\system32\msvcrt.dll
0x000007fefd950000 - 0x000007fefd96f000 	C:\Windows\SYSTEM32\sechost.dll
0x000007fefe700000 - 0x000007fefe82c000 	C:\Windows\system32\RPCRT4.dll
0x0000000077150000 - 0x000000007724a000 	C:\Windows\system32\USER32.dll
0x000007feff5f0000 - 0x000007feff657000 	C:\Windows\system32\GDI32.dll
0x000007fefee70000 - 0x000007fefee7e000 	C:\Windows\system32\LPK.dll
0x000007fefd6c0000 - 0x000007fefd78b000 	C:\Windows\system32\USP10.dll
0x000007fefc0d0000 - 0x000007fefc2c5000 	C:\Windows\WinSxS\amd64_microsoft.windows.common-controls_6595b64144ccf1df_6.0.7601.24380_none_e3731d0b30fb6b11\COMCTL32.dll
0x000007fefd640000 - 0x000007fefd6b1000 	C:\Windows\system32\SHLWAPI.dll
0x000007feff1e0000 - 0x000007feff20e000 	C:\Windows\system32\IMM32.DLL
0x000007feff210000 - 0x000007feff319000 	C:\Windows\system32\MSCTF.dll
0x00000000726a0000 - 0x0000000072772000 	C:\Program Files\Java\jdk1.8.0_181\jre\bin\msvcr100.dll
0x00000000634d0000 - 0x0000000063d21000 	C:\Program Files\Java\jdk1.8.0_181\jre\bin\dcevm\jvm.dll
0x000007fef7290000 - 0x000007fef7299000 	C:\Windows\system32\WSOCK32.dll
0x000007fefd280000 - 0x000007fefd2cd000 	C:\Windows\system32\WS2_32.dll
0x000007fefd2f0000 - 0x000007fefd2f8000 	C:\Windows\system32\NSI.dll
0x000007fef80e0000 - 0x000007fef811b000 	C:\Windows\system32\WINMM.dll
0x000007fefbe30000 - 0x000007fefbe3c000 	C:\Windows\system32\VERSION.dll
0x0000000077510000 - 0x0000000077517000 	C:\Windows\system32\PSAPI.DLL
0x0000000072850000 - 0x000000007285f000 	C:\Program Files\Java\jdk1.8.0_181\jre\bin\verify.dll
0x0000000072820000 - 0x0000000072849000 	C:\Program Files\Java\jdk1.8.0_181\jre\bin\java.dll
0x0000000072660000 - 0x0000000072695000 	C:\Program Files\Java\jdk1.8.0_181\jre\bin\jdwp.dll
0x00000000727a0000 - 0x00000000727a8000 	C:\Program Files\Java\jdk1.8.0_181\jre\bin\npt.dll
0x0000000072630000 - 0x0000000072653000 	C:\Program Files\Java\jdk1.8.0_181\jre\bin\instrument.dll
0x0000000072800000 - 0x0000000072816000 	C:\Program Files\Java\jdk1.8.0_181\jre\bin\zip.dll
0x000007fefd970000 - 0x000007fefe6fb000 	C:\Windows\system32\SHELL32.dll
0x000007fefd440000 - 0x000007fefd63f000 	C:\Windows\system32\ole32.dll
0x000007fefcec0000 - 0x000007fefcecf000 	C:\Windows\system32\profapi.dll
0x0000000072790000 - 0x0000000072799000 	C:\Program Files\Java\jdk1.8.0_181\jre\bin\dt_socket.dll
0x000007fefc640000 - 0x000007fefc695000 	C:\Windows\system32\mswsock.dll
0x000007fefb980000 - 0x000007fefb987000 	C:\Windows\System32\wshtcpip.dll
0x00000000727e0000 - 0x00000000727fa000 	C:\Program Files\Java\jdk1.8.0_181\jre\bin\net.dll
0x000007fefc630000 - 0x000007fefc637000 	C:\Windows\System32\wship6.dll
0x00000000727c0000 - 0x00000000727d1000 	C:\Program Files\Java\jdk1.8.0_181\jre\bin\nio.dll
0x000007fefc6a0000 - 0x000007fefc6b8000 	C:\Windows\system32\CRYPTSP.dll
0x000007fefc3a0000 - 0x000007fefc3e7000 	C:\Windows\system32\rsaenh.dll
0x000007fefd060000 - 0x000007fefd07e000 	C:\Windows\system32\USERENV.dll
0x000007fefcd60000 - 0x000007fefcd6f000 	C:\Windows\system32\CRYPTBASE.dll
0x000007fef9b50000 - 0x000007fef9b77000 	C:\Windows\system32\IPHLPAPI.DLL
0x000007fef9b40000 - 0x000007fef9b4b000 	C:\Windows\system32\WINNSI.DLL
0x000007fef9950000 - 0x000007fef9968000 	C:\Windows\system32\dhcpcsvc.DLL
0x000007fef9930000 - 0x000007fef9941000 	C:\Windows\system32\dhcpcsvc6.DLL
0x0000000072780000 - 0x000000007278d000 	C:\Program Files\Java\jdk1.8.0_181\jre\bin\management.dll
0x000007fefa0e0000 - 0x000007fefa0f5000 	C:\Windows\system32\NLAapi.dll
0x000007fef5500000 - 0x000007fef5515000 	C:\Windows\system32\napinsp.dll
0x000007fef54e0000 - 0x000007fef54f9000 	C:\Windows\system32\pnrpnsp.dll
0x000007fefc4c0000 - 0x000007fefc51b000 	C:\Windows\system32\DNSAPI.dll
0x000007fef54d0000 - 0x000007fef54db000 	C:\Windows\System32\winrnr.dll
0x0000000072860000 - 0x0000000072886000 	C:\Program Files\Bonjour\mdnsNSP.dll
0x000007fef54c0000 - 0x000007fef54d0000 	C:\Windows\system32\wshbth.dll
0x000007fef4e00000 - 0x000007fef4e08000 	C:\Windows\system32\rasadhlp.dll
0x000007fef99d0000 - 0x000007fef9a23000 	C:\Windows\System32\fwpuclnt.dll
0x000007fef5c90000 - 0x000007fef5db5000 	C:\Windows\system32\dbghelp.dll

VM Arguments:
jvm_args: -agentlib:jdwp=transport=dt_socket,address=127.0.0.1:50305,suspend=y,server=n -javaagent:E:\02_project_research\build_project_stuff\hotswap-agent.jar -XX:TieredStopAtLevel=1 -Xverify:none -Dspring.output.ansi.enabled=always -Dcom.sun.management.jmxremote -Dcom.sun.management.jmxremote.port=50301 -Dcom.sun.management.jmxremote.authenticate=false -Dcom.sun.management.jmxremote.ssl=false -Djava.rmi.server.hostname=localhost -Dspring.liveBeansView.mbeanDomain -Dspring.application.admin.enabled=true -javaagent:C:\Users\Lam\.IntelliJIdea2018.3\system\captureAgent\debugger-agent.jar -Dfile.encoding=UTF-8 
java_command: com.fullstack.FullstackApplication
java_class_path (initial): C:\Program Files\Java\jdk1.8.0_181\jre\lib\charsets.jar;C:\Program Files\Java\jdk1.8.0_181\jre\lib\deploy.jar;C:\Program Files\Java\jdk1.8.0_181\jre\lib\ext\access-bridge-64.jar;C:\Program Files\Java\jdk1.8.0_181\jre\lib\ext\cldrdata.jar;C:\Program Files\Java\jdk1.8.0_181\jre\lib\ext\dnsns.jar;C:\Program Files\Java\jdk1.8.0_181\jre\lib\ext\jaccess.jar;C:\Program Files\Java\jdk1.8.0_181\jre\lib\ext\jfxrt.jar;C:\Program Files\Java\jdk1.8.0_181\jre\lib\ext\localedata.jar;C:\Program Files\Java\jdk1.8.0_181\jre\lib\ext\nashorn.jar;C:\Program Files\Java\jdk1.8.0_181\jre\lib\ext\sunec.jar;C:\Program Files\Java\jdk1.8.0_181\jre\lib\ext\sunjce_provider.jar;C:\Program Files\Java\jdk1.8.0_181\jre\lib\ext\sunmscapi.jar;C:\Program Files\Java\jdk1.8.0_181\jre\lib\ext\sunpkcs11.jar;C:\Program Files\Java\jdk1.8.0_181\jre\lib\ext\zipfs.jar;C:\Program Files\Java\jdk1.8.0_181\jre\lib\javaws.jar;C:\Program Files\Java\jdk1.8.0_181\jre\lib\jce.jar;C:\Program Files\Java\jdk1.8.0_181\jre\lib\jfr.jar;C:\Program Files\Java\jdk1.8.0_181\jre\lib\jfxswt.jar;C:\Program Files\Java\jdk1.8.0_181\jre\lib\jsse.jar;C:\Program Files\Java\jdk1.8.0_181\jre\lib\management-agent.jar;C:\Program Files\Java\jdk1.8.0_181\jre\lib\plugin.jar;C:\Program Files\Java\jdk1.8.0_181\jre\lib\resources.jar;C:\Program Files\Java\jdk1.8.0_181\jre\lib\rt.jar;E:\02_project_research\fullstack\target\classes;C:\Users\Lam\.m2\repository\org\springframework\boot\spring-boot-starter-data-jpa\2.1.4.RELEASE\spring-boot-starter-data-jpa-2.1.4.RELEASE.jar;C:\Users\Lam\.m2\repository\org\springframework\boot\spring-boot-starter-aop\2.1.4.RELEASE\spring-boot-starter-aop-2.1.4.RELEASE.jar;C:\Users\Lam\.m2\repository\org\aspectj\aspectjweaver\1.9.2\aspectjweaver-1.9.2.jar;C:\Users\Lam\.m2\repository\org\springframework\boot\spring-boot-starter-jdbc\2.1.4.RELEASE\spring-boot-starter-jdbc-2.1.4.RELEASE.jar;C:\Users\Lam\.m2\repository\com\zaxxer\HikariCP\3.2.0\HikariCP-3.2.0.jar;C:\Users\Lam\.m2\repository\org\s
Launcher Type: SUN_STANDARD

Environment Variables:
JAVA_HOME=C:\Program Files\Java\jdk1.8.0_181
PATH=C:\Program Files (x86)\Common Files\Oracle\Java\javapath;E:\app\Lam\product\11.2.0\dbhome_1\bin;C:\Program Files (x86)\Intel\iCLS Client\;C:\Program Files\Intel\iCLS Client\;C:\Program Files (x86)\Common Files\Oracle\Java\javapath;C:\Windows\system32;C:\Windows;C:\Windows\System32\Wbem;C:\Windows\System32\WindowsPowerShell\v1.0\;C:\Program Files\Intel\WiFi\bin\;C:\Program Files\Common Files\Intel\WirelessCommon\;C:\Program Files\ThinkPad\Bluetooth Software\;C:\Program Files\ThinkPad\Bluetooth Software\syswow64;C:\Program Files (x86)\Intel\Intel(R) Management Engine Components\DAL;C:\Program Files\Intel\Intel(R) Management Engine Components\DAL;C:\Program Files (x86)\Intel\Intel(R) Management Engine Components\IPT;C:\Program Files\Intel\Intel(R) Management Engine Components\IPT;C:\Program Files\Git\cmd;C:\Program Files\nodejs\;C:\Program Files\TortoiseSVN\bin;C:\Program Files\PuTTY\;C:\Program Files\TortoiseGit\bin;C:\Program Files\MySQL\MySQL Server 8.0\bin;E:\02_project_research\apache-tomcat-8.5.40\bin;C:\Program Files\Intel\WiFi\bin\;C:\Program Files\Common Files\Intel\WirelessCommon\;C:\Users\Lam\AppData\Roaming\npm;C:\Users\Lam\AppData\Local\Programs\Fiddler;C:\Program Files\JetBrains\IntelliJ IDEA 2018.3.2\bin;;C:\Program Files\MySQL\MySQL Server 8.0\bin\bin;
USERNAME=Lam
OS=Windows_NT
PROCESSOR_IDENTIFIER=Intel64 Family 6 Model 58 Stepping 9, GenuineIntel



---------------  S Y S T E M  ---------------

OS: Windows 7 , 64 bit Build 7601 (6.1.7601.24408)

CPU:total 4 (initial active 4) (2 cores per cpu, 2 threads per core) family 6 model 58 stepping 9, cmov, cx8, fxsr, mmx, sse, sse2, sse3, ssse3, sse4.1, sse4.2, popcnt, avx, aes, clmul, erms, ht, tsc, tscinvbit, tscinv

Memory: 4k page, physical 8078860k(2423908k free), swap 20364960k(14235192k free)

vm_info: Dynamic Code Evolution 64-Bit Server VM (25.71-b01-dcevmlight-26) for windows-amd64 JRE (1.8.0), built on Jul 31 2018 12:14:42 by "" with MS VC++ 10.0 (VS2010)

time: Tue May 14 22:40:08 2019
elapsed time: 25 seconds (0d 0h 0m 25s)

