#
# A fatal error has been detected by the Java Runtime Environment:
#
#  EXCEPTION_ACCESS_VIOLATION (0xc0000005) at pc=0x000000005de8e36c, pid=10828, tid=0x00000000000025bc
#
# JRE version: Java(TM) SE Runtime Environment (8.0_181-b13) (build 1.8.0_181-b13)
# Java VM: Dynamic Code Evolution 64-Bit Server VM (25.71-b01-dcevmlight-26 mixed mode windows-amd64 compressed oops)
# Problematic frame:
# V  [jvm.dll+0x1ae36c]
#
# Failed to write core dump. Minidumps are not enabled by default on client versions of Windows
#
# If you would like to submit a bug report, please visit:
#   https://github.com/dcevm/dcevm/issues
#

---------------  T H R E A D  ---------------

Current thread (0x0000000059066000):  JavaThread "Thread-50" daemon [_thread_in_vm, id=9660, stack(0x000000005cdf0000,0x000000005cef0000)]

siginfo: ExceptionCode=0xc0000005, reading address 0x0000000000000000

Registers:
RAX=0x0000000058ee1840, RBX=0x0000000012c8cea8, RCX=0x0000000000000000, RDX=0x0000000000000000
RSP=0x000000005ceeeee0, RBP=0x000000005ceeefe0, RSI=0x0000000059066000, RDI=0x00000000593f8ea0
R8 =0x000000000000002c, R9 =0x000000000000000b, R10=0x000000005d720c38, R11=0x0000000000000000
R12=0x00000000591fd4b0, R13=0x0000000000000000, R14=0x000000005ceef470, R15=0x0000000000000000
RIP=0x000000005de8e36c, EFLAGS=0x0000000000010246

Top of Stack: (sp=0x000000005ceeeee0)
0x000000005ceeeee0:   0000000012c8cea8 0000000012c8cea8
0x000000005ceeeef0:   000000000000003c 00000000593f8ea0
0x000000005ceeef00:   000000005ceef001 0000000012c86028
0x000000005ceeef10:   0000000059066000 000000005df05b8b
0x000000005ceeef20:   0000000012c86028 0000000000000031
0x000000005ceeef30:   00000000593626b0 00000000590607f8
0x000000005ceeef40:   00000000000003d8 0000000059060420
0x000000005ceeef50:   0000000000000000 0000000012c8cea8
0x000000005ceeef60:   000000005ceef718 0000000059060410
0x000000005ceeef70:   0000000000000000 0000000000003d2e
0x000000005ceeef80:   00000000591fd4b0 00000000556d1e10
0x000000005ceeef90:   0000000000000007 000000005e4ad828
0x000000005ceeefa0:   0000000000000008 0000000000000008
0x000000005ceeefb0:   0000000000000000 0000000064968d17
0x000000005ceeefc0:   0000000000000002 0000000000000008
0x000000005ceeefd0:   0000000059066000 000000005dd7be24 

Instructions: (pc=0x000000005de8e36c)
0x000000005de8e34c:   e8 9f b2 ef ff 48 8b ce e8 87 af ef ff 48 89 77
0x000000005de8e35c:   10 4c 89 6f 18 4c 89 77 20 48 8b 0d 44 b4 61 00
0x000000005de8e36c:   8b 11 8d 42 ff 44 3b f8 0f 85 79 02 00 00 33 f6
0x000000005de8e37c:   8b de 89 5c 24 78 85 d2 0f 8e d5 01 00 00 44 8b 


Register to memory mapping:

RAX=0x0000000058ee1840 is an unknown value
RBX=0x0000000012c8cea8 is pointing into metadata
RCX=0x0000000000000000 is an unknown value
RDX=0x0000000000000000 is an unknown value
RSP=0x000000005ceeeee0 is pointing into the stack for thread: 0x0000000059066000
RBP=0x000000005ceeefe0 is pointing into the stack for thread: 0x0000000059066000
RSI=0x0000000059066000 is a thread
RDI=0x00000000593f8ea0 is an unknown value
R8 =0x000000000000002c is an unknown value
R9 =0x000000000000000b is an unknown value
R10=0x000000005d720c38 is pointing into metadata
R11=0x0000000000000000 is an unknown value
R12=0x00000000591fd4b0 is an unknown value
R13=0x0000000000000000 is an unknown value
R14=0x000000005ceef470 is pointing into the stack for thread: 0x0000000059066000
R15=0x0000000000000000 is an unknown value


Stack: [0x000000005cdf0000,0x000000005cef0000],  sp=0x000000005ceeeee0,  free space=1019k
Native frames: (J=compiled Java code, j=interpreted, Vv=VM code, C=native code)
V  [jvm.dll+0x1ae36c]
V  [jvm.dll+0x1af5a7]
V  [jvm.dll+0x22ba90]
V  [jvm.dll+0x17fa88]
V  [jvm.dll+0x3229b4]
C  [instrument.dll+0x3e33]
C  0x0000000002917c94

Java frames: (J=compiled Java code, j=interpreted, Vv=VM code)
j  sun.instrument.InstrumentationImpl.redefineClasses0(J[Ljava/lang/instrument/ClassDefinition;)V+0
j  sun.instrument.InstrumentationImpl.redefineClasses([Ljava/lang/instrument/ClassDefinition;)V+73
j  org.hotswap.agent.plugin.proxy.RedefinitionScheduler.run()V+31
j  java.lang.Thread.run()V+11
v  ~StubRoutines::call_stub

---------------  P R O C E S S  ---------------

Java Threads: ( => current thread )
  0x0000000059067800 JavaThread "Thread-52" daemon [_thread_blocked, id=10276, stack(0x000000005d960000,0x000000005da60000)]
=>0x0000000059066000 JavaThread "Thread-50" daemon [_thread_in_vm, id=9660, stack(0x000000005cdf0000,0x000000005cef0000)]
  0x0000000059067000 JavaThread "DestroyJavaVM" [_thread_blocked, id=10164, stack(0x0000000002530000,0x0000000002630000)]
  0x0000000059065800 JavaThread "http-nio-8080-Acceptor-0" daemon [_thread_in_native, id=7472, stack(0x000000005d0d0000,0x000000005d1d0000)]
  0x000000005905b000 JavaThread "http-nio-8080-ClientPoller-1" daemon [_thread_in_native, id=6812, stack(0x000000005cf20000,0x000000005d020000)]
  0x000000005905a800 JavaThread "http-nio-8080-ClientPoller-0" daemon [_thread_in_native, id=10792, stack(0x000000005ccc0000,0x000000005cdc0000)]
  0x0000000059059800 JavaThread "http-nio-8080-exec-10" daemon [_thread_blocked, id=8412, stack(0x000000005cb00000,0x000000005cc00000)]
  0x0000000059059000 JavaThread "http-nio-8080-exec-9" daemon [_thread_blocked, id=9320, stack(0x000000005c970000,0x000000005ca70000)]
  0x0000000059058000 JavaThread "http-nio-8080-exec-8" daemon [_thread_blocked, id=9636, stack(0x000000005c830000,0x000000005c930000)]
  0x0000000059057800 JavaThread "http-nio-8080-exec-7" daemon [_thread_blocked, id=11088, stack(0x000000005c170000,0x000000005c270000)]
  0x0000000059056800 JavaThread "http-nio-8080-exec-6" daemon [_thread_blocked, id=7736, stack(0x000000005c630000,0x000000005c730000)]
  0x0000000059056000 JavaThread "http-nio-8080-exec-5" daemon [_thread_blocked, id=8580, stack(0x000000005a6e0000,0x000000005a7e0000)]
  0x0000000059055000 JavaThread "http-nio-8080-exec-4" daemon [_thread_blocked, id=7200, stack(0x000000005c450000,0x000000005c550000)]
  0x0000000059054800 JavaThread "http-nio-8080-exec-3" daemon [_thread_blocked, id=10936, stack(0x000000005c290000,0x000000005c390000)]
  0x000000005903a000 JavaThread "http-nio-8080-exec-2" daemon [_thread_blocked, id=8560, stack(0x000000005c030000,0x000000005c130000)]
  0x0000000059039800 JavaThread "http-nio-8080-exec-1" daemon [_thread_blocked, id=9884, stack(0x000000005bd90000,0x000000005be90000)]
  0x0000000059038800 JavaThread "NioBlockingSelector.BlockPoller-1" daemon [_thread_in_native, id=8716, stack(0x000000005b930000,0x000000005ba30000)]
  0x0000000059037000 JavaThread "Live Reload Server" daemon [_thread_in_native, id=10180, stack(0x000000005beb0000,0x000000005bfb0000)]
  0x000000005553f800 JavaThread "File Watcher" daemon [_thread_blocked, id=1548, stack(0x000000005ba50000,0x000000005bb50000)]
  0x000000005553c800 JavaThread "HikariPool-1 housekeeper" daemon [_thread_blocked, id=5496, stack(0x0000000057290000,0x0000000057390000)]
  0x000000005553c000 JavaThread "mysql-cj-abandoned-connection-cleanup" daemon [_thread_blocked, id=6840, stack(0x000000005a1a0000,0x000000005a2a0000)]
  0x000000005553b000 JavaThread "container-0" [_thread_blocked, id=11196, stack(0x0000000059fe0000,0x000000005a0e0000)]
  0x000000005553a800 JavaThread "Catalina-utility-2" [_thread_blocked, id=5344, stack(0x0000000059e50000,0x0000000059f50000)]
  0x0000000055539800 JavaThread "Catalina-utility-1" [_thread_blocked, id=8404, stack(0x0000000059cf0000,0x0000000059df0000)]
  0x000000005432e800 JavaThread "RMI Scheduler(0)" daemon [_thread_blocked, id=10816, stack(0x0000000056dd0000,0x0000000056ed0000)]
  0x00000000542d4000 JavaThread "RMI TCP Accept-0" daemon [_thread_in_native, id=9960, stack(0x00000000569a0000,0x0000000056aa0000)]
  0x00000000542cf800 JavaThread "RMI TCP Accept-65008" daemon [_thread_in_native, id=9272, stack(0x0000000055ec0000,0x0000000055fc0000)]
  0x000000005426f800 JavaThread "RMI TCP Accept-0" daemon [_thread_in_native, id=7488, stack(0x00000000567b0000,0x00000000568b0000)]
  0x0000000053d1d000 JavaThread "Service Thread" daemon [_thread_blocked, id=6044, stack(0x00000000561a0000,0x00000000562a0000)]
  0x0000000053c6d000 JavaThread "C1 CompilerThread2" daemon [_thread_blocked, id=5868, stack(0x0000000055fe0000,0x00000000560e0000)]
  0x0000000053c80800 JavaThread "C2 CompilerThread1" daemon [_thread_blocked, id=10456, stack(0x0000000055dc0000,0x0000000055ec0000)]
  0x0000000053d46800 JavaThread "C2 CompilerThread0" daemon [_thread_blocked, id=10172, stack(0x0000000055bc0000,0x0000000055cc0000)]
  0x0000000053d71800 JavaThread "Monitor Ctrl-Break" daemon [_thread_in_native, id=9376, stack(0x0000000055a20000,0x0000000055b20000)]
  0x0000000053c66800 JavaThread "Thread-3" daemon [_thread_blocked, id=10192, stack(0x0000000053380000,0x0000000053480000)]
  0x0000000053c63000 JavaThread "HotSwap Dispatcher" daemon [_thread_blocked, id=10144, stack(0x0000000054920000,0x0000000054a20000)]
  0x0000000053c62800 JavaThread "HotSwap Watcher" daemon [_thread_blocked, id=10176, stack(0x0000000054740000,0x0000000054840000)]
  0x0000000053c62000 JavaThread "Thread-0" daemon [_thread_in_native, id=10188, stack(0x0000000054430000,0x0000000054530000)]
  0x0000000052c90000 JavaThread "Attach Listener" daemon [_thread_blocked, id=10204, stack(0x0000000053700000,0x0000000053800000)]
  0x0000000052c8f800 JavaThread "Signal Dispatcher" daemon [_thread_blocked, id=9160, stack(0x0000000053520000,0x0000000053620000)]
  0x0000000052c78000 JavaThread "Finalizer" daemon [_thread_blocked, id=10184, stack(0x0000000053280000,0x0000000053380000)]
  0x0000000052c2e800 JavaThread "Reference Handler" daemon [_thread_blocked, id=9892, stack(0x00000000530c0000,0x00000000531c0000)]

Other Threads:
  0x0000000052c25800 VMThread [stack: 0x0000000052ef0000,0x0000000052ff0000] [id=3988]
  0x00000000542d5800 WatcherThread [stack: 0x0000000056c00000,0x0000000056d00000] [id=7296]

VM state:synchronizing (normal execution)

VM Mutex/Monitor currently owned by a thread:  ([mutex/lock_event])
[0x0000000002168980] Threads_lock - owner thread: 0x0000000052c25800

Heap:
 def new generation   total 38144K, used 20938K [0x0000000084a00000, 0x0000000087360000, 0x00000000adc00000)
  eden space 33920K,  57% used [0x0000000084a00000, 0x0000000085ce6e70, 0x0000000086b20000)
  from space 4224K,  37% used [0x0000000086f40000, 0x00000000870cbb80, 0x0000000087360000)
  to   space 4224K,   0% used [0x0000000086b20000, 0x0000000086b20000, 0x0000000086f40000)
 tenured generation   total 84672K, used 39010K [0x00000000adc00000, 0x00000000b2eb0000, 0x0000000100000000)
   the space 84672K,  46% used [0x00000000adc00000, 0x00000000b0218a60, 0x00000000b0218c00, 0x00000000b2eb0000)
 Metaspace       used 71927K, capacity 74438K, committed 74624K, reserved 1114112K
  class space    used 9148K, capacity 9573K, committed 9600K, reserved 1048576K

Card table byte_map: [0x0000000011cc0000,0x00000000120a0000] byte_map_base: 0x000000001189b000

Polling page: 0x0000000000230000

CodeCache: size=245760Kb used=7274Kb max_used=15256Kb free=238485Kb
 bounds [0x0000000002900000, 0x00000000037f0000, 0x0000000011900000]
 total_blobs=3997 nmethods=3220 adapters=689
 compilation: enabled

Compilation events (10 events):
Event: 898.187 Thread 0x0000000053c6d000 nmethod 8682 0x0000000002b6bd50 code [0x0000000002b6bea0, 0x0000000002b6bfb0]
Event: 898.187 Thread 0x0000000053c6d000 8677       1       org.springframework.beans.factory.support.AbstractBeanDefinition::getDependsOn (5 bytes)
Event: 898.187 Thread 0x0000000053c6d000 nmethod 8677 0x0000000002b6ba90 code [0x0000000002b6bbe0, 0x0000000002b6bcf0]
Event: 898.187 Thread 0x0000000053c6d000 8678       1       org.springframework.beans.factory.support.AbstractBeanDefinition::getInstanceSupplier (5 bytes)
Event: 898.188 Thread 0x0000000053c6d000 nmethod 8678 0x0000000002b6b7d0 code [0x0000000002b6b920, 0x0000000002b6ba30]
Event: 898.188 Thread 0x0000000053c6d000 8679       1       org.springframework.beans.factory.support.AbstractBeanDefinition::isNonPublicAccessAllowed (5 bytes)
Event: 898.188 Thread 0x0000000053c6d000 nmethod 8679 0x0000000002b6b510 code [0x0000000002b6b660, 0x0000000002b6b770]
Event: 898.188 Thread 0x0000000053c6d000 8696       1       org.springframework.beans.factory.support.AbstractBeanDefinition::<init> (438 bytes)
Event: 898.191 Thread 0x0000000053c6d000 nmethod 8696 0x0000000002b69390 code [0x0000000002b696e0, 0x0000000002b6a848]
Event: 898.191 Thread 0x0000000053c6d000 8697       1       org.springframework.beans.factory.support.AbstractBeanDefinition::hasPropertyValues (23 bytes)

GC Heap History (10 events):
Event: 538.448 GC heap before
{Heap before GC invocations=95 (full 3):
 def new generation   total 38144K, used 34781K [0x0000000084a00000, 0x0000000087360000, 0x00000000adc00000)
  eden space 33920K, 100% used [0x0000000084a00000, 0x0000000086b20000, 0x0000000086b20000)
  from space 4224K,  20% used [0x0000000086b20000, 0x0000000086bf76c0, 0x0000000086f40000)
  to   space 4224K,   0% used [0x0000000086f40000, 0x0000000086f40000, 0x0000000087360000)
 tenured generation   total 84672K, used 39010K [0x00000000adc00000, 0x00000000b2eb0000, 0x0000000100000000)
   the space 84672K,  46% used [0x00000000adc00000, 0x00000000b0218a60, 0x00000000b0218c00, 0x00000000b2eb0000)
 Metaspace       used 70741K, capacity 73072K, committed 73344K, reserved 1114112K
  class space    used 9070K, capacity 9496K, committed 9600K, reserved 1048576K
Event: 538.458 GC heap after
Heap after GC invocations=96 (full 3):
 def new generation   total 38144K, used 923K [0x0000000084a00000, 0x0000000087360000, 0x00000000adc00000)
  eden space 33920K,   0% used [0x0000000084a00000, 0x0000000084a00000, 0x0000000086b20000)
  from space 4224K,  21% used [0x0000000086f40000, 0x0000000087026cb0, 0x0000000087360000)
  to   space 4224K,   0% used [0x0000000086b20000, 0x0000000086b20000, 0x0000000086f40000)
 tenured generation   total 84672K, used 39010K [0x00000000adc00000, 0x00000000b2eb0000, 0x0000000100000000)
   the space 84672K,  46% used [0x00000000adc00000, 0x00000000b0218a60, 0x00000000b0218c00, 0x00000000b2eb0000)
 Metaspace       used 70741K, capacity 73072K, committed 73344K, reserved 1114112K
  class space    used 9070K, capacity 9496K, committed 9600K, reserved 1048576K
}
Event: 744.077 GC heap before
{Heap before GC invocations=96 (full 3):
 def new generation   total 38144K, used 34843K [0x0000000084a00000, 0x0000000087360000, 0x00000000adc00000)
  eden space 33920K, 100% used [0x0000000084a00000, 0x0000000086b20000, 0x0000000086b20000)
  from space 4224K,  21% used [0x0000000086f40000, 0x0000000087026cb0, 0x0000000087360000)
  to   space 4224K,   0% used [0x0000000086b20000, 0x0000000086b20000, 0x0000000086f40000)
 tenured generation   total 84672K, used 39010K [0x00000000adc00000, 0x00000000b2eb0000, 0x0000000100000000)
   the space 84672K,  46% used [0x00000000adc00000, 0x00000000b0218a60, 0x00000000b0218c00, 0x00000000b2eb0000)
 Metaspace       used 70917K, capacity 73296K, committed 73600K, reserved 1114112K
  class space    used 9092K, capacity 9528K, committed 9600K, reserved 1048576K
Event: 744.094 GC heap after
Heap after GC invocations=97 (full 3):
 def new generation   total 38144K, used 1219K [0x0000000084a00000, 0x0000000087360000, 0x00000000adc00000)
  eden space 33920K,   0% used [0x0000000084a00000, 0x0000000084a00000, 0x0000000086b20000)
  from space 4224K,  28% used [0x0000000086b20000, 0x0000000086c50cf8, 0x0000000086f40000)
  to   space 4224K,   0% used [0x0000000086f40000, 0x0000000086f40000, 0x0000000087360000)
 tenured generation   total 84672K, used 39010K [0x00000000adc00000, 0x00000000b2eb0000, 0x0000000100000000)
   the space 84672K,  46% used [0x00000000adc00000, 0x00000000b0218a60, 0x00000000b0218c00, 0x00000000b2eb0000)
 Metaspace       used 70917K, capacity 73296K, committed 73600K, reserved 1114112K
  class space    used 9092K, capacity 9528K, committed 9600K, reserved 1048576K
}
Event: 746.733 GC heap before
{Heap before GC invocations=97 (full 3):
 def new generation   total 38144K, used 35139K [0x0000000084a00000, 0x0000000087360000, 0x00000000adc00000)
  eden space 33920K, 100% used [0x0000000084a00000, 0x0000000086b20000, 0x0000000086b20000)
  from space 4224K,  28% used [0x0000000086b20000, 0x0000000086c50cf8, 0x0000000086f40000)
  to   space 4224K,   0% used [0x0000000086f40000, 0x0000000086f40000, 0x0000000087360000)
 tenured generation   total 84672K, used 39010K [0x00000000adc00000, 0x00000000b2eb0000, 0x0000000100000000)
   the space 84672K,  46% used [0x00000000adc00000, 0x00000000b0218a60, 0x00000000b0218c00, 0x00000000b2eb0000)
 Metaspace       used 71556K, capacity 74030K, committed 74112K, reserved 1114112K
  class space    used 9131K, capacity 9557K, committed 9600K, reserved 1048576K
Event: 746.743 GC heap after
Heap after GC invocations=98 (full 3):
 def new generation   total 38144K, used 1731K [0x0000000084a00000, 0x0000000087360000, 0x00000000adc00000)
  eden space 33920K,   0% used [0x0000000084a00000, 0x0000000084a00000, 0x0000000086b20000)
  from space 4224K,  40% used [0x0000000086f40000, 0x00000000870f0e98, 0x0000000087360000)
  to   space 4224K,   0% used [0x0000000086b20000, 0x0000000086b20000, 0x0000000086f40000)
 tenured generation   total 84672K, used 39010K [0x00000000adc00000, 0x00000000b2eb0000, 0x0000000100000000)
   the space 84672K,  46% used [0x00000000adc00000, 0x00000000b0218a60, 0x00000000b0218c00, 0x00000000b2eb0000)
 Metaspace       used 71556K, capacity 74030K, committed 74112K, reserved 1114112K
  class space    used 9131K, capacity 9557K, committed 9600K, reserved 1048576K
}
Event: 756.111 GC heap before
{Heap before GC invocations=98 (full 3):
 def new generation   total 38144K, used 35651K [0x0000000084a00000, 0x0000000087360000, 0x00000000adc00000)
  eden space 33920K, 100% used [0x0000000084a00000, 0x0000000086b20000, 0x0000000086b20000)
  from space 4224K,  40% used [0x0000000086f40000, 0x00000000870f0e98, 0x0000000087360000)
  to   space 4224K,   0% used [0x0000000086b20000, 0x0000000086b20000, 0x0000000086f40000)
 tenured generation   total 84672K, used 39010K [0x00000000adc00000, 0x00000000b2eb0000, 0x0000000100000000)
   the space 84672K,  46% used [0x00000000adc00000, 0x00000000b0218a60, 0x00000000b0218c00, 0x00000000b2eb0000)
 Metaspace       used 71693K, capacity 74162K, committed 74368K, reserved 1114112K
  class space    used 9131K, capacity 9557K, committed 9600K, reserved 1048576K
Event: 756.120 GC heap after
Heap after GC invocations=99 (full 3):
 def new generation   total 38144K, used 1809K [0x0000000084a00000, 0x0000000087360000, 0x00000000adc00000)
  eden space 33920K,   0% used [0x0000000084a00000, 0x0000000084a00000, 0x0000000086b20000)
  from space 4224K,  42% used [0x0000000086b20000, 0x0000000086ce4538, 0x0000000086f40000)
  to   space 4224K,   0% used [0x0000000086f40000, 0x0000000086f40000, 0x0000000087360000)
 tenured generation   total 84672K, used 39010K [0x00000000adc00000, 0x00000000b2eb0000, 0x0000000100000000)
   the space 84672K,  46% used [0x00000000adc00000, 0x00000000b0218a60, 0x00000000b0218c00, 0x00000000b2eb0000)
 Metaspace       used 71693K, capacity 74162K, committed 74368K, reserved 1114112K
  class space    used 9131K, capacity 9557K, committed 9600K, reserved 1048576K
}
Event: 760.211 GC heap before
{Heap before GC invocations=99 (full 3):
 def new generation   total 38144K, used 35729K [0x0000000084a00000, 0x0000000087360000, 0x00000000adc00000)
  eden space 33920K, 100% used [0x0000000084a00000, 0x0000000086b20000, 0x0000000086b20000)
  from space 4224K,  42% used [0x0000000086b20000, 0x0000000086ce4538, 0x0000000086f40000)
  to   space 4224K,   0% used [0x0000000086f40000, 0x0000000086f40000, 0x0000000087360000)
 tenured generation   total 84672K, used 39010K [0x00000000adc00000, 0x00000000b2eb0000, 0x0000000100000000)
   the space 84672K,  46% used [0x00000000adc00000, 0x00000000b0218a60, 0x00000000b0218c00, 0x00000000b2eb0000)
 Metaspace       used 71740K, capacity 74226K, committed 74368K, reserved 1114112K
  class space    used 9131K, capacity 9557K, committed 9600K, reserved 1048576K
Event: 760.222 GC heap after
Heap after GC invocations=100 (full 3):
 def new generation   total 38144K, used 1582K [0x0000000084a00000, 0x0000000087360000, 0x00000000adc00000)
  eden space 33920K,   0% used [0x0000000084a00000, 0x0000000084a00000, 0x0000000086b20000)
  from space 4224K,  37% used [0x0000000086f40000, 0x00000000870cbb80, 0x0000000087360000)
  to   space 4224K,   0% used [0x0000000086b20000, 0x0000000086b20000, 0x0000000086f40000)
 tenured generation   total 84672K, used 39010K [0x00000000adc00000, 0x00000000b2eb0000, 0x0000000100000000)
   the space 84672K,  46% used [0x00000000adc00000, 0x00000000b0218a60, 0x00000000b0218c00, 0x00000000b2eb0000)
 Metaspace       used 71740K, capacity 74226K, committed 74368K, reserved 1114112K
  class space    used 9131K, capacity 9557K, committed 9600K, reserved 1048576K
}

Deoptimization events (0 events):
No events

Internal exceptions (10 events):
Event: 896.914 Thread 0x0000000053c63000 Exception <a 'sun/nio/fs/WindowsException'> (0x0000000085570638) thrown at [C:\Jenkins\workspace\DCEVM-8u161\jdk\JDK1.8.0_181-x64\k\product\oops\nocompressed\slave\dcevm-win\hotspot\src\share\vm\prims\jni.cpp, line 710]
Event: 896.914 Thread 0x0000000053c63000 Exception <a 'sun/nio/fs/WindowsException'> (0x0000000085571050) thrown at [C:\Jenkins\workspace\DCEVM-8u161\jdk\JDK1.8.0_181-x64\k\product\oops\nocompressed\slave\dcevm-win\hotspot\src\share\vm\prims\jni.cpp, line 710]
Event: 896.914 Thread 0x0000000053c63000 Exception <a 'java/io/FileNotFoundException'> (0x0000000085571ff0) thrown at [C:\Jenkins\workspace\DCEVM-8u161\jdk\JDK1.8.0_181-x64\k\product\oops\nocompressed\slave\dcevm-win\hotspot\src\share\vm\prims\jni.cpp, line 710]
Event: 896.914 Thread 0x0000000053c63000 Exception <a 'sun/nio/fs/WindowsException'> (0x00000000855728a0) thrown at [C:\Jenkins\workspace\DCEVM-8u161\jdk\JDK1.8.0_181-x64\k\product\oops\nocompressed\slave\dcevm-win\hotspot\src\share\vm\prims\jni.cpp, line 710]
Event: 896.914 Thread 0x0000000053c63000 Exception <a 'sun/nio/fs/WindowsException'> (0x0000000085573368) thrown at [C:\Jenkins\workspace\DCEVM-8u161\jdk\JDK1.8.0_181-x64\k\product\oops\nocompressed\slave\dcevm-win\hotspot\src\share\vm\prims\jni.cpp, line 710]
Event: 896.914 Thread 0x0000000053c63000 Exception <a 'sun/nio/fs/WindowsException'> (0x0000000085573850) thrown at [C:\Jenkins\workspace\DCEVM-8u161\jdk\JDK1.8.0_181-x64\k\product\oops\nocompressed\slave\dcevm-win\hotspot\src\share\vm\prims\jni.cpp, line 710]
Event: 896.915 Thread 0x0000000053c63000 Exception <a 'sun/nio/fs/WindowsException'> (0x0000000085574298) thrown at [C:\Jenkins\workspace\DCEVM-8u161\jdk\JDK1.8.0_181-x64\k\product\oops\nocompressed\slave\dcevm-win\hotspot\src\share\vm\prims\jni.cpp, line 710]
Event: 896.915 Thread 0x0000000053c63000 Exception <a 'java/io/FileNotFoundException'> (0x0000000085575228) thrown at [C:\Jenkins\workspace\DCEVM-8u161\jdk\JDK1.8.0_181-x64\k\product\oops\nocompressed\slave\dcevm-win\hotspot\src\share\vm\prims\jni.cpp, line 710]
Event: 896.915 Thread 0x0000000053c63000 Exception <a 'sun/nio/fs/WindowsException'> (0x0000000085575ac0) thrown at [C:\Jenkins\workspace\DCEVM-8u161\jdk\JDK1.8.0_181-x64\k\product\oops\nocompressed\slave\dcevm-win\hotspot\src\share\vm\prims\jni.cpp, line 710]
Event: 897.891 Thread 0x0000000059068800 Exception <a 'java/lang/ClassCastException': org.springframework.cglib.proxy.Enhancer$EnhancerKey$$KeyFactoryByCGLIB$$4ce19e8f cannot be cast to java.lang.Class> (0x0000000085840c60) thrown at [C:\Jenkins\workspace\DCEVM-8u161\jdk\JDK1.8.0_181-x64\k\produ

Events (10 events):
Event: 898.113 Executing VM operation: RevokeBias
Event: 898.113 Executing VM operation: RevokeBias done
Event: 898.115 loading class org/springframework/beans/factory/config/ConstructorArgumentValues
Event: 898.115 loading class org/springframework/beans/factory/config/ConstructorArgumentValues done
Event: 898.116 loading class org/springframework/beans/factory/config/ConstructorArgumentValues
Event: 898.116 loading class org/springframework/beans/factory/config/ConstructorArgumentValues done
Event: 898.117 loading class org/springframework/beans/factory/config/ConstructorArgumentValues
Event: 898.117 loading class org/springframework/beans/factory/config/ConstructorArgumentValues done
Event: 898.126 Thread 0x000000005553f800 DEOPT PACKING pc=0x00000000030b308c sp=0x000000005bb4f2f0
Event: 898.126 Thread 0x000000005553f800 DEOPT UNPACKING pc=0x00000000029475bf sp=0x000000005bb4f030 mode 0


Dynamic libraries:
0x000000013f1d0000 - 0x000000013f207000 	C:\Program Files\Java\jdk1.8.0_181\bin\java.exe
0x0000000077950000 - 0x0000000077aef000 	C:\Windows\SYSTEM32\ntdll.dll
0x0000000077730000 - 0x000000007784f000 	C:\Windows\system32\kernel32.dll
0x000007fefd570000 - 0x000007fefd5da000 	C:\Windows\system32\KERNELBASE.dll
0x000007feff5b0000 - 0x000007feff68b000 	C:\Windows\system32\ADVAPI32.dll
0x000007feffba0000 - 0x000007feffc3f000 	C:\Windows\system32\msvcrt.dll
0x000007fefea90000 - 0x000007fefeaaf000 	C:\Windows\SYSTEM32\sechost.dll
0x000007fefed70000 - 0x000007fefee9c000 	C:\Windows\system32\RPCRT4.dll
0x0000000077850000 - 0x000000007794a000 	C:\Windows\system32\USER32.dll
0x000007feffb30000 - 0x000007feffb97000 	C:\Windows\system32\GDI32.dll
0x000007feffaf0000 - 0x000007feffafe000 	C:\Windows\system32\LPK.dll
0x000007fefeea0000 - 0x000007fefef6b000 	C:\Windows\system32\USP10.dll
0x000007fefc5d0000 - 0x000007fefc7c5000 	C:\Windows\WinSxS\amd64_microsoft.windows.common-controls_6595b64144ccf1df_6.0.7601.24440_none_e36f1bbf30ff0606\COMCTL32.dll
0x000007fefd800000 - 0x000007fefd871000 	C:\Windows\system32\SHLWAPI.dll
0x000007feffb00000 - 0x000007feffb2e000 	C:\Windows\system32\IMM32.DLL
0x000007fefe920000 - 0x000007fefea29000 	C:\Windows\system32\MSCTF.dll
0x0000000064900000 - 0x00000000649d2000 	C:\Program Files\Java\jdk1.8.0_181\jre\bin\msvcr100.dll
0x000000005dce0000 - 0x000000005e531000 	C:\Program Files\Java\jdk1.8.0_181\jre\bin\dcevm\jvm.dll
0x000007fef6b10000 - 0x000007fef6b19000 	C:\Windows\system32\WSOCK32.dll
0x000007fefdaa0000 - 0x000007fefdaed000 	C:\Windows\system32\WS2_32.dll
0x000007fefd7f0000 - 0x000007fefd7f8000 	C:\Windows\system32\NSI.dll
0x000007fefa970000 - 0x000007fefa9ab000 	C:\Windows\system32\WINMM.dll
0x000007fefc810000 - 0x000007fefc81c000 	C:\Windows\system32\VERSION.dll
0x0000000077af0000 - 0x0000000077af7000 	C:\Windows\system32\PSAPI.DLL
0x0000000071b50000 - 0x0000000071b5f000 	C:\Program Files\Java\jdk1.8.0_181\jre\bin\verify.dll
0x0000000071b20000 - 0x0000000071b49000 	C:\Program Files\Java\jdk1.8.0_181\jre\bin\java.dll
0x0000000071ad0000 - 0x0000000071af3000 	C:\Program Files\Java\jdk1.8.0_181\jre\bin\instrument.dll
0x0000000071b00000 - 0x0000000071b16000 	C:\Program Files\Java\jdk1.8.0_181\jre\bin\zip.dll
0x000007fefdaf0000 - 0x000007fefe87b000 	C:\Windows\system32\SHELL32.dll
0x000007fefd880000 - 0x000007fefda7f000 	C:\Windows\system32\ole32.dll
0x000007fefd440000 - 0x000007fefd44f000 	C:\Windows\system32\profapi.dll
0x0000000071970000 - 0x000000007198a000 	C:\Program Files\Java\jdk1.8.0_181\jre\bin\net.dll
0x000007fefcba0000 - 0x000007fefcbf5000 	C:\Windows\system32\mswsock.dll
0x000007fefcd10000 - 0x000007fefcd17000 	C:\Windows\System32\wship6.dll
0x0000000071950000 - 0x0000000071961000 	C:\Program Files\Java\jdk1.8.0_181\jre\bin\nio.dll
0x000007fef9d40000 - 0x000007fef9d5a000 	C:\Program Files\JetBrains\IntelliJ IDEA 2018.3.2\bin\breakgen64.dll
0x0000000071ac0000 - 0x0000000071acd000 	C:\Program Files\Java\jdk1.8.0_181\jre\bin\management.dll
0x000007fefa330000 - 0x000007fefa345000 	C:\Windows\system32\NLAapi.dll
0x000007fef4af0000 - 0x000007fef4b05000 	C:\Windows\system32\napinsp.dll
0x000007fef4ad0000 - 0x000007fef4ae9000 	C:\Windows\system32\pnrpnsp.dll
0x000007fefca30000 - 0x000007fefca8b000 	C:\Windows\system32\DNSAPI.dll
0x000007fef4ac0000 - 0x000007fef4acb000 	C:\Windows\System32\winrnr.dll
0x0000000072e20000 - 0x0000000072e46000 	C:\Program Files\Bonjour\mdnsNSP.dll
0x000007fef97a0000 - 0x000007fef97c7000 	C:\Windows\system32\Iphlpapi.DLL
0x000007fef9770000 - 0x000007fef977b000 	C:\Windows\system32\WINNSI.DLL
0x000007fef4ab0000 - 0x000007fef4ac0000 	C:\Windows\system32\wshbth.dll
0x000007fefbef0000 - 0x000007fefbef7000 	C:\Windows\System32\wshtcpip.dll
0x000007fef4960000 - 0x000007fef4968000 	C:\Windows\system32\rasadhlp.dll
0x000007fef93b0000 - 0x000007fef9403000 	C:\Windows\System32\fwpuclnt.dll
0x000007fefce40000 - 0x000007fefce58000 	C:\Windows\system32\CRYPTSP.dll
0x000007fefc910000 - 0x000007fefc957000 	C:\Windows\system32\rsaenh.dll
0x000007fefd7d0000 - 0x000007fefd7ee000 	C:\Windows\system32\USERENV.dll
0x000007fefd2d0000 - 0x000007fefd2df000 	C:\Windows\system32\CRYPTBASE.dll
0x000007fef8540000 - 0x000007fef8558000 	C:\Windows\system32\dhcpcsvc.DLL
0x000007fef8520000 - 0x000007fef8531000 	C:\Windows\system32\dhcpcsvc6.DLL
0x000007fef9fb0000 - 0x000007fefa0d5000 	C:\Windows\system32\dbghelp.dll

VM Arguments:
jvm_args: -javaagent:E:\02_project_research\build_project_stuff\hotswap-agent.jar -XX:TieredStopAtLevel=1 -Xverify:none -Dspring.output.ansi.enabled=always -Dcom.sun.management.jmxremote -Dcom.sun.management.jmxremote.port=65008 -Dcom.sun.management.jmxremote.authenticate=false -Dcom.sun.management.jmxremote.ssl=false -Djava.rmi.server.hostname=localhost -Dspring.liveBeansView.mbeanDomain -Dspring.application.admin.enabled=true -javaagent:C:\Program Files\JetBrains\IntelliJ IDEA 2018.3.2\lib\idea_rt.jar=65009:C:\Program Files\JetBrains\IntelliJ IDEA 2018.3.2\bin -Dfile.encoding=UTF-8 
java_command: com.fullstack.FullstackApplication
java_class_path (initial): C:\Program Files\Java\jdk1.8.0_181\jre\lib\charsets.jar;C:\Program Files\Java\jdk1.8.0_181\jre\lib\deploy.jar;C:\Program Files\Java\jdk1.8.0_181\jre\lib\ext\access-bridge-64.jar;C:\Program Files\Java\jdk1.8.0_181\jre\lib\ext\cldrdata.jar;C:\Program Files\Java\jdk1.8.0_181\jre\lib\ext\dnsns.jar;C:\Program Files\Java\jdk1.8.0_181\jre\lib\ext\jaccess.jar;C:\Program Files\Java\jdk1.8.0_181\jre\lib\ext\jfxrt.jar;C:\Program Files\Java\jdk1.8.0_181\jre\lib\ext\localedata.jar;C:\Program Files\Java\jdk1.8.0_181\jre\lib\ext\nashorn.jar;C:\Program Files\Java\jdk1.8.0_181\jre\lib\ext\sunec.jar;C:\Program Files\Java\jdk1.8.0_181\jre\lib\ext\sunjce_provider.jar;C:\Program Files\Java\jdk1.8.0_181\jre\lib\ext\sunmscapi.jar;C:\Program Files\Java\jdk1.8.0_181\jre\lib\ext\sunpkcs11.jar;C:\Program Files\Java\jdk1.8.0_181\jre\lib\ext\zipfs.jar;C:\Program Files\Java\jdk1.8.0_181\jre\lib\javaws.jar;C:\Program Files\Java\jdk1.8.0_181\jre\lib\jce.jar;C:\Program Files\Java\jdk1.8.0_181\jre\lib\jfr.jar;C:\Program Files\Java\jdk1.8.0_181\jre\lib\jfxswt.jar;C:\Program Files\Java\jdk1.8.0_181\jre\lib\jsse.jar;C:\Program Files\Java\jdk1.8.0_181\jre\lib\management-agent.jar;C:\Program Files\Java\jdk1.8.0_181\jre\lib\plugin.jar;C:\Program Files\Java\jdk1.8.0_181\jre\lib\resources.jar;C:\Program Files\Java\jdk1.8.0_181\jre\lib\rt.jar;E:\02_project_research\fullstack\target\classes;C:\Users\Lam\.m2\repository\org\springframework\boot\spring-boot-starter-data-jpa\2.1.4.RELEASE\spring-boot-starter-data-jpa-2.1.4.RELEASE.jar;C:\Users\Lam\.m2\repository\org\springframework\boot\spring-boot-starter-aop\2.1.4.RELEASE\spring-boot-starter-aop-2.1.4.RELEASE.jar;C:\Users\Lam\.m2\repository\org\aspectj\aspectjweaver\1.9.2\aspectjweaver-1.9.2.jar;C:\Users\Lam\.m2\repository\org\springframework\boot\spring-boot-starter-jdbc\2.1.4.RELEASE\spring-boot-starter-jdbc-2.1.4.RELEASE.jar;C:\Users\Lam\.m2\repository\com\zaxxer\HikariCP\3.2.0\HikariCP-3.2.0.jar;C:\Users\Lam\.m2\repository\org\s
Launcher Type: SUN_STANDARD

Environment Variables:
JAVA_HOME=C:\Program Files\Java\jdk1.8.0_181
PATH=C:\Program Files (x86)\Common Files\Oracle\Java\javapath;E:\app\Lam\product\11.2.0\dbhome_1\bin;C:\Program Files (x86)\Intel\iCLS Client\;C:\Program Files\Intel\iCLS Client\;C:\Program Files (x86)\Common Files\Oracle\Java\javapath;C:\Windows\system32;C:\Windows;C:\Windows\System32\Wbem;C:\Windows\System32\WindowsPowerShell\v1.0\;C:\Program Files\Intel\WiFi\bin\;C:\Program Files\Common Files\Intel\WirelessCommon\;C:\Program Files\ThinkPad\Bluetooth Software\;C:\Program Files\ThinkPad\Bluetooth Software\syswow64;C:\Program Files (x86)\Intel\Intel(R) Management Engine Components\DAL;C:\Program Files\Intel\Intel(R) Management Engine Components\DAL;C:\Program Files (x86)\Intel\Intel(R) Management Engine Components\IPT;C:\Program Files\Intel\Intel(R) Management Engine Components\IPT;C:\Program Files\Git\cmd;C:\Program Files\nodejs\;C:\Program Files\TortoiseSVN\bin;C:\Program Files\PuTTY\;C:\Program Files\TortoiseGit\bin;C:\Program Files\MySQL\MySQL Server 8.0\bin;E:\02_project_research\apache-tomcat-8.5.40\bin;C:\Program Files\Intel\WiFi\bin\;C:\Program Files\Common Files\Intel\WirelessCommon\;C:\Users\Lam\AppData\Roaming\npm;C:\Users\Lam\AppData\Local\Programs\Fiddler;C:\Program Files\JetBrains\IntelliJ IDEA 2018.3.2\bin;;C:\Program Files\MySQL\MySQL Server 8.0\bin\bin;
USERNAME=Lam
OS=Windows_NT
PROCESSOR_IDENTIFIER=Intel64 Family 6 Model 58 Stepping 9, GenuineIntel



---------------  S Y S T E M  ---------------

OS: Windows 7 , 64 bit Build 7601 (6.1.7601.24441)

CPU:total 4 (initial active 4) (2 cores per cpu, 2 threads per core) family 6 model 58 stepping 9, cmov, cx8, fxsr, mmx, sse, sse2, sse3, ssse3, sse4.1, sse4.2, popcnt, avx, aes, clmul, erms, ht, tsc, tscinvbit, tscinv

Memory: 4k page, physical 8078860k(1262956k free), swap 44940960k(31617016k free)

vm_info: Dynamic Code Evolution 64-Bit Server VM (25.71-b01-dcevmlight-26) for windows-amd64 JRE (1.8.0), built on Jul 31 2018 12:14:42 by "" with MS VC++ 10.0 (VS2010)

time: Wed May 15 15:57:29 2019
elapsed time: 898 seconds (0d 0h 14m 58s)

