#
# A fatal error has been detected by the Java Runtime Environment:
#
#  EXCEPTION_ACCESS_VIOLATION (0xc0000005) at pc=0x000000005e6227bd, pid=8332, tid=0x00000000000006bc
#
# JRE version: Java(TM) SE Runtime Environment (8.0_181-b13) (build 1.8.0_181-b13)
# Java VM: Dynamic Code Evolution 64-Bit Server VM (25.71-b01-dcevmlight-26 mixed mode windows-amd64 compressed oops)
# Problematic frame:
# V  [jvm.dll+0xd27bd]
#
# Failed to write core dump. Minidumps are not enabled by default on client versions of Windows
#
# If you would like to submit a bug report, please visit:
#   https://github.com/dcevm/dcevm/issues
#

---------------  T H R E A D  ---------------

Current thread (0x0000000052c35800):  VMThread [stack: 0x0000000052e80000,0x0000000052f80000] [id=1724]

siginfo: ExceptionCode=0xc0000005, reading address 0x0000000000000010

Registers:
RAX=0x00000000000000ff, RBX=0x0000000000000100, RCX=0x0000000000000000, RDX=0x0000000000000000
RSP=0x0000000052f7efb0, RBP=0x0000000052f7f0e0, RSI=0x0000000000000100, RDI=0x000000005d10fdd8
R8 =0x000000000228f7c0, R9 =0x0000000000000003, R10=0x0000000000000003, R11=0x000000005d110441
R12=0x0000000052f7f170, R13=0x0000000052f7f160, R14=0x0000000000000000, R15=0x0000000000000000
RIP=0x000000005e6227bd, EFLAGS=0x0000000000010202

Top of Stack: (sp=0x0000000052f7efb0)
0x0000000052f7efb0:   00000000000000b7 0000000052f7f0e0
0x0000000052f7efc0:   00000000000000b7 0000000002190270
0x0000000052f7efd0:   0000000000000000 000000005e7071d0
0x0000000052f7efe0:   0000000000000000 00000000000000b7
0x0000000052f7eff0:   00000000021cd250 00000000646a20da
0x0000000052f7f000:   0000000077953128 0000000000000000
0x0000000052f7f010:   0000000000000010 0000000002180000
0x0000000052f7f020:   0000000000000008 0000000000000008
0x0000000052f7f030:   0000000002180288 0000000077977b14
0x0000000052f7f040:   0000000000000002 0000000000000008
0x0000000052f7f050:   00002dda0004000a 000000000219c4d0
0x0000000052f7f060:   0000000052f7f548 0000000052f7f160
0x0000000052f7f070:   0000000052f7f390 00000000646bd79a
0x0000000052f7f080:   0000000052c36c50 00000000646d4e7e
0x0000000052f7f090:   0000000052f7f548 00000000646a5695
0x0000000052f7f0a0:   ffffffff00000027 0000000000000027 

Instructions: (pc=0x000000005e6227bd)
0x000000005e62279d:   0f b7 d8 48 63 c3 0f b7 44 c7 50 48 8b 44 c7 50
0x000000005e6227ad:   48 89 44 24 30 f6 d0 48 8b 4c 24 30 a8 01 74 0f
0x000000005e6227bd:   48 8b 41 10 48 8b 5c 24 38 48 83 c4 20 5f c3 48
0x000000005e6227cd:   8b 5c 24 38 48 83 e1 fe 48 8b c1 48 83 c4 20 5f 


Register to memory mapping:

RAX=0x00000000000000ff is an unknown value
RBX=0x0000000000000100 is an unknown value
RCX=0x0000000000000000 is an unknown value
RDX=0x0000000000000000 is an unknown value
RSP=0x0000000052f7efb0 is an unknown value
RBP=0x0000000052f7f0e0 is an unknown value
RSI=0x0000000000000100 is an unknown value
RDI=0x000000005d10fdd8 is pointing into metadata
R8 =0x000000000228f7c0 is an unknown value
R9 =0x0000000000000003 is an unknown value
R10=0x0000000000000003 is an unknown value
R11=0x000000005d110441 is pointing into metadata
R12=0x0000000052f7f170 is an unknown value
R13=0x0000000052f7f160 is an unknown value
R14=0x0000000000000000 is an unknown value
R15=0x0000000000000000 is an unknown value


Stack: [0x0000000052e80000,0x0000000052f80000],  sp=0x0000000052f7efb0,  free space=1019k
Native frames: (J=compiled Java code, j=interpreted, Vv=VM code, C=native code)
V  [jvm.dll+0xd27bd]
V  [jvm.dll+0x1b71d0]
V  [jvm.dll+0x1b8122]
V  [jvm.dll+0x1a9e55]
V  [jvm.dll+0x1af00f]
V  [jvm.dll+0x1afc6a]
V  [jvm.dll+0x22caf7]
V  [jvm.dll+0x22bdb2]
V  [jvm.dll+0x22c231]
V  [jvm.dll+0x22c44e]
V  [jvm.dll+0x2767ea]
C  [msvcr100.dll+0x21d9f]
C  [msvcr100.dll+0x21e3b]
C  [kernel32.dll+0x1556d]
C  [ntdll.dll+0x5385d]

VM_Operation (0x0000000059e8ec90): RedefineClasses, mode: safepoint, requested by thread 0x0000000058bcd800


---------------  P R O C E S S  ---------------

Java Threads: ( => current thread )
  0x0000000058bcf800 JavaThread "Thread-42" daemon [_thread_blocked, id=11152, stack(0x000000005cf30000,0x000000005d030000)]
  0x0000000058bcf000 JavaThread "Thread-41" daemon [_thread_blocked, id=10956, stack(0x0000000056bb0000,0x0000000056cb0000)]
  0x0000000058bcd800 JavaThread "Thread-40" daemon [_thread_blocked, id=10904, stack(0x0000000059d90000,0x0000000059e90000)]
  0x0000000058bcc800 JavaThread "DestroyJavaVM" [_thread_blocked, id=10776, stack(0x0000000002380000,0x0000000002480000)]
  0x0000000058bcc000 JavaThread "http-nio-8080-Acceptor-0" daemon [_thread_in_native, id=5104, stack(0x000000005cc10000,0x000000005cd10000)]
  0x0000000058bcb000 JavaThread "http-nio-8080-ClientPoller-1" daemon [_thread_in_native, id=10808, stack(0x000000005ca20000,0x000000005cb20000)]
  0x0000000058bca800 JavaThread "http-nio-8080-ClientPoller-0" daemon [_thread_in_native, id=10724, stack(0x000000005c840000,0x000000005c940000)]
  0x0000000058bc9800 JavaThread "http-nio-8080-exec-10" daemon [_thread_blocked, id=3856, stack(0x000000005c650000,0x000000005c750000)]
  0x0000000058bc9000 JavaThread "http-nio-8080-exec-9" daemon [_thread_blocked, id=10896, stack(0x000000005c460000,0x000000005c560000)]
  0x0000000053a05000 JavaThread "http-nio-8080-exec-8" daemon [_thread_blocked, id=9736, stack(0x000000005bff0000,0x000000005c0f0000)]
  0x0000000053a04000 JavaThread "http-nio-8080-exec-7" daemon [_thread_blocked, id=10408, stack(0x000000005c180000,0x000000005c280000)]
  0x0000000053a03800 JavaThread "http-nio-8080-exec-6" daemon [_thread_blocked, id=6848, stack(0x000000005bed0000,0x000000005bfd0000)]
  0x0000000053a02800 JavaThread "http-nio-8080-exec-5" daemon [_thread_blocked, id=7412, stack(0x000000005b860000,0x000000005b960000)]
  0x0000000053a02000 JavaThread "http-nio-8080-exec-4" daemon [_thread_blocked, id=10852, stack(0x000000005bda0000,0x000000005bea0000)]
  0x0000000053a01000 JavaThread "http-nio-8080-exec-3" daemon [_thread_blocked, id=9240, stack(0x000000005bca0000,0x000000005bda0000)]
  0x0000000053a00800 JavaThread "http-nio-8080-exec-2" daemon [_thread_blocked, id=9100, stack(0x000000005bb50000,0x000000005bc50000)]
  0x00000000539ff800 JavaThread "http-nio-8080-exec-1" daemon [_thread_blocked, id=5072, stack(0x000000005b9b0000,0x000000005bab0000)]
  0x00000000539ff000 JavaThread "NioBlockingSelector.BlockPoller-1" daemon [_thread_in_native, id=10680, stack(0x000000005b6f0000,0x000000005b7f0000)]
  0x00000000539fd800 JavaThread "Live Reload Server" daemon [_thread_in_native, id=9796, stack(0x000000005b520000,0x000000005b620000)]
  0x00000000539fc800 JavaThread "File Watcher" daemon [_thread_blocked, id=8128, stack(0x000000005b3f0000,0x000000005b4f0000)]
  0x00000000539f9800 JavaThread "HikariPool-1 housekeeper" daemon [_thread_blocked, id=9728, stack(0x000000005a020000,0x000000005a120000)]
  0x00000000539f9000 JavaThread "mysql-cj-abandoned-connection-cleanup" daemon [_thread_blocked, id=7724, stack(0x00000000578e0000,0x00000000579e0000)]
  0x00000000539f8000 JavaThread "container-0" [_thread_blocked, id=8608, stack(0x0000000059a50000,0x0000000059b50000)]
  0x00000000539f7800 JavaThread "Catalina-utility-2" [_thread_blocked, id=8776, stack(0x0000000059920000,0x0000000059a20000)]
  0x00000000539f6000 JavaThread "Catalina-utility-1" [_thread_blocked, id=7952, stack(0x0000000056a60000,0x0000000056b60000)]
  0x0000000054963000 JavaThread "RMI Scheduler(0)" daemon [_thread_blocked, id=8316, stack(0x0000000056430000,0x0000000056530000)]
  0x0000000053c90000 JavaThread "RMI TCP Accept-0" daemon [_thread_in_native, id=5404, stack(0x0000000055c30000,0x0000000055d30000)]
  0x0000000053c7f800 JavaThread "RMI TCP Accept-59061" daemon [_thread_in_native, id=8512, stack(0x0000000055ed0000,0x0000000055fd0000)]
  0x0000000053c7e000 JavaThread "RMI TCP Accept-0" daemon [_thread_in_native, id=11132, stack(0x00000000561d0000,0x00000000562d0000)]
  0x0000000053e2a000 JavaThread "Service Thread" daemon [_thread_blocked, id=10636, stack(0x0000000055dc0000,0x0000000055ec0000)]
  0x0000000053e40800 JavaThread "C1 CompilerThread2" daemon [_thread_blocked, id=4960, stack(0x0000000055b20000,0x0000000055c20000)]
  0x0000000053e3e000 JavaThread "C2 CompilerThread1" daemon [_thread_blocked, id=9808, stack(0x0000000055a00000,0x0000000055b00000)]
  0x0000000053e3d000 JavaThread "C2 CompilerThread0" daemon [_thread_blocked, id=4776, stack(0x0000000055870000,0x0000000055970000)]
  0x0000000053e38800 JavaThread "Monitor Ctrl-Break" daemon [_thread_in_native, id=3196, stack(0x0000000054300000,0x0000000054400000)]
  0x000000005390f000 JavaThread "Thread-3" daemon [_thread_blocked, id=9580, stack(0x0000000054130000,0x0000000054230000)]
  0x000000005390d800 JavaThread "HotSwap Dispatcher" daemon [_thread_blocked, id=4368, stack(0x0000000054750000,0x0000000054850000)]
  0x000000005390d000 JavaThread "HotSwap Watcher" daemon [_thread_blocked, id=7900, stack(0x0000000054590000,0x0000000054690000)]
  0x0000000053968800 JavaThread "Thread-0" daemon [_thread_in_native, id=7992, stack(0x0000000054410000,0x0000000054510000)]
  0x0000000052ca0000 JavaThread "Attach Listener" daemon [_thread_blocked, id=10716, stack(0x0000000053410000,0x0000000053510000)]
  0x0000000052c9f800 JavaThread "Signal Dispatcher" daemon [_thread_blocked, id=11052, stack(0x00000000532c0000,0x00000000533c0000)]
  0x0000000052c86000 JavaThread "Finalizer" daemon [_thread_blocked, id=4240, stack(0x00000000531a0000,0x00000000532a0000)]
  0x0000000052c3e800 JavaThread "Reference Handler" daemon [_thread_blocked, id=11024, stack(0x0000000052fd0000,0x00000000530d0000)]

Other Threads:
=>0x0000000052c35800 VMThread [stack: 0x0000000052e80000,0x0000000052f80000] [id=1724]
  0x0000000053c90800 WatcherThread [stack: 0x0000000056830000,0x0000000056930000] [id=9008]

VM state:at safepoint (normal execution)

VM Mutex/Monitor currently owned by a thread:  ([mutex/lock_event])
[0x00000000021c8980] Threads_lock - owner thread: 0x0000000052c35800
[0x00000000021c8e80] Heap_lock - owner thread: 0x0000000058bcd800

Heap:
 def new generation   total 38144K, used 18079K [0x0000000084a00000, 0x0000000087360000, 0x00000000adc00000)
  eden space 33920K,  51% used [0x0000000084a00000, 0x0000000085b00568, 0x0000000086b20000)
  from space 4224K,  15% used [0x0000000086b20000, 0x0000000086bc78e0, 0x0000000086f40000)
  to   space 4224K,   0% used [0x0000000086f40000, 0x0000000086f40000, 0x0000000087360000)
 tenured generation   total 84672K, used 36272K [0x00000000adc00000, 0x00000000b2eb0000, 0x0000000100000000)
   the space 84672K,  42% used [0x00000000adc00000, 0x00000000aff6c028, 0x00000000aff6c200, 0x00000000b2eb0000)
 Metaspace       used 66786K, capacity 69020K, committed 69120K, reserved 1110016K
  class space    used 8525K, capacity 8928K, committed 8960K, reserved 1048576K

Card table byte_map: [0x0000000011cd0000,0x00000000120b0000] byte_map_base: 0x00000000118ab000

Polling page: 0x00000000005c0000

CodeCache: size=245760Kb used=11446Kb max_used=11446Kb free=234313Kb
 bounds [0x0000000002910000, 0x0000000003440000, 0x0000000011910000]
 total_blobs=5986 nmethods=5237 adapters=662
 compilation: enabled

Compilation events (10 events):
Event: 768.786 Thread 0x0000000053e40800 5330  s    1       java.util.Hashtable::remove (133 bytes)
Event: 768.787 Thread 0x0000000053e40800 nmethod 5330 0x000000000343cdd0 code [0x000000000343cf60, 0x000000000343d418]
Event: 768.801 Thread 0x0000000053e40800 5331       1       java.util.Arrays::sort (37 bytes)
Event: 768.801 Thread 0x0000000053e40800 nmethod 5331 0x000000000343d690 code [0x000000000343d800, 0x000000000343d998]
Event: 768.825 Thread 0x0000000053e40800 5332       1       java.lang.Class::getDeclaredField (34 bytes)
Event: 768.825 Thread 0x0000000053e40800 nmethod 5332 0x000000000343da90 code [0x000000000343dc20, 0x000000000343de48]
Event: 768.829 Thread 0x0000000053e40800 5333       1       java.util.ArrayList::sort (48 bytes)
Event: 768.830 Thread 0x0000000053e40800 nmethod 5333 0x000000000343df50 code [0x000000000343e0c0, 0x000000000343e278]
Event: 768.836 Thread 0x0000000053e40800 5334       1       org.hotswap.agent.javassist.CtClassType::getSuperclass (23 bytes)
Event: 768.837 Thread 0x0000000053e40800 nmethod 5334 0x000000000343e350 code [0x000000000343e520, 0x000000000343e908]

GC Heap History (10 events):
Event: 10.158 GC heap before
{Heap before GC invocations=86 (full 3):
 def new generation   total 38144K, used 37478K [0x0000000084a00000, 0x0000000087360000, 0x00000000adc00000)
  eden space 33920K, 100% used [0x0000000084a00000, 0x0000000086b20000, 0x0000000086b20000)
  from space 4224K,  84% used [0x0000000086f40000, 0x00000000872b99d0, 0x0000000087360000)
  to   space 4224K,   0% used [0x0000000086b20000, 0x0000000086b20000, 0x0000000086f40000)
 tenured generation   total 84672K, used 34301K [0x00000000adc00000, 0x00000000b2eb0000, 0x0000000100000000)
   the space 84672K,  40% used [0x00000000adc00000, 0x00000000afd7f588, 0x00000000afd7f600, 0x00000000b2eb0000)
 Metaspace       used 64638K, capacity 66894K, committed 67072K, reserved 1107968K
  class space    used 8222K, capacity 8631K, committed 8704K, reserved 1048576K
Event: 10.166 GC heap after
Heap after GC invocations=87 (full 3):
 def new generation   total 38144K, used 626K [0x0000000084a00000, 0x0000000087360000, 0x00000000adc00000)
  eden space 33920K,   0% used [0x0000000084a00000, 0x0000000084a00000, 0x0000000086b20000)
  from space 4224K,  14% used [0x0000000086b20000, 0x0000000086bbca78, 0x0000000086f40000)
  to   space 4224K,   0% used [0x0000000086f40000, 0x0000000086f40000, 0x0000000087360000)
 tenured generation   total 84672K, used 36089K [0x00000000adc00000, 0x00000000b2eb0000, 0x0000000100000000)
   the space 84672K,  42% used [0x00000000adc00000, 0x00000000aff3e580, 0x00000000aff3e600, 0x00000000b2eb0000)
 Metaspace       used 64638K, capacity 66894K, committed 67072K, reserved 1107968K
  class space    used 8222K, capacity 8631K, committed 8704K, reserved 1048576K
}
Event: 10.215 GC heap before
{Heap before GC invocations=87 (full 3):
 def new generation   total 38144K, used 34546K [0x0000000084a00000, 0x0000000087360000, 0x00000000adc00000)
  eden space 33920K, 100% used [0x0000000084a00000, 0x0000000086b20000, 0x0000000086b20000)
  from space 4224K,  14% used [0x0000000086b20000, 0x0000000086bbca78, 0x0000000086f40000)
  to   space 4224K,   0% used [0x0000000086f40000, 0x0000000086f40000, 0x0000000087360000)
 tenured generation   total 84672K, used 36089K [0x00000000adc00000, 0x00000000b2eb0000, 0x0000000100000000)
   the space 84672K,  42% used [0x00000000adc00000, 0x00000000aff3e580, 0x00000000aff3e600, 0x00000000b2eb0000)
 Metaspace       used 65282K, capacity 67566K, committed 67712K, reserved 1107968K
  class space    used 8321K, capacity 8727K, committed 8832K, reserved 1048576K
Event: 10.220 GC heap after
Heap after GC invocations=88 (full 3):
 def new generation   total 38144K, used 2258K [0x0000000084a00000, 0x0000000087360000, 0x00000000adc00000)
  eden space 33920K,   0% used [0x0000000084a00000, 0x0000000084a00000, 0x0000000086b20000)
  from space 4224K,  53% used [0x0000000086f40000, 0x0000000087174a88, 0x0000000087360000)
  to   space 4224K,   0% used [0x0000000086b20000, 0x0000000086b20000, 0x0000000086f40000)
 tenured generation   total 84672K, used 36089K [0x00000000adc00000, 0x00000000b2eb0000, 0x0000000100000000)
   the space 84672K,  42% used [0x00000000adc00000, 0x00000000aff3e580, 0x00000000aff3e600, 0x00000000b2eb0000)
 Metaspace       used 65282K, capacity 67566K, committed 67712K, reserved 1107968K
  class space    used 8321K, capacity 8727K, committed 8832K, reserved 1048576K
}
Event: 23.273 GC heap before
{Heap before GC invocations=88 (full 3):
 def new generation   total 38144K, used 36178K [0x0000000084a00000, 0x0000000087360000, 0x00000000adc00000)
  eden space 33920K, 100% used [0x0000000084a00000, 0x0000000086b20000, 0x0000000086b20000)
  from space 4224K,  53% used [0x0000000086f40000, 0x0000000087174a88, 0x0000000087360000)
  to   space 4224K,   0% used [0x0000000086b20000, 0x0000000086b20000, 0x0000000086f40000)
 tenured generation   total 84672K, used 36089K [0x00000000adc00000, 0x00000000b2eb0000, 0x0000000100000000)
   the space 84672K,  42% used [0x00000000adc00000, 0x00000000aff3e580, 0x00000000aff3e600, 0x00000000b2eb0000)
 Metaspace       used 66168K, capacity 68366K, committed 68480K, reserved 1110016K
  class space    used 8432K, capacity 8823K, committed 8832K, reserved 1048576K
Event: 23.279 GC heap after
Heap after GC invocations=89 (full 3):
 def new generation   total 38144K, used 986K [0x0000000084a00000, 0x0000000087360000, 0x00000000adc00000)
  eden space 33920K,   0% used [0x0000000084a00000, 0x0000000084a00000, 0x0000000086b20000)
  from space 4224K,  23% used [0x0000000086b20000, 0x0000000086c16af8, 0x0000000086f40000)
  to   space 4224K,   0% used [0x0000000086f40000, 0x0000000086f40000, 0x0000000087360000)
 tenured generation   total 84672K, used 36272K [0x00000000adc00000, 0x00000000b2eb0000, 0x0000000100000000)
   the space 84672K,  42% used [0x00000000adc00000, 0x00000000aff6c028, 0x00000000aff6c200, 0x00000000b2eb0000)
 Metaspace       used 66168K, capacity 68366K, committed 68480K, reserved 1110016K
  class space    used 8432K, capacity 8823K, committed 8832K, reserved 1048576K
}
Event: 273.522 GC heap before
{Heap before GC invocations=89 (full 3):
 def new generation   total 38144K, used 34906K [0x0000000084a00000, 0x0000000087360000, 0x00000000adc00000)
  eden space 33920K, 100% used [0x0000000084a00000, 0x0000000086b20000, 0x0000000086b20000)
  from space 4224K,  23% used [0x0000000086b20000, 0x0000000086c16af8, 0x0000000086f40000)
  to   space 4224K,   0% used [0x0000000086f40000, 0x0000000086f40000, 0x0000000087360000)
 tenured generation   total 84672K, used 36272K [0x00000000adc00000, 0x00000000b2eb0000, 0x0000000100000000)
   the space 84672K,  42% used [0x00000000adc00000, 0x00000000aff6c028, 0x00000000aff6c200, 0x00000000b2eb0000)
 Metaspace       used 66554K, capacity 68860K, committed 69120K, reserved 1110016K
  class space    used 8491K, capacity 8896K, committed 8960K, reserved 1048576K
Event: 273.532 GC heap after
Heap after GC invocations=90 (full 3):
 def new generation   total 38144K, used 914K [0x0000000084a00000, 0x0000000087360000, 0x00000000adc00000)
  eden space 33920K,   0% used [0x0000000084a00000, 0x0000000084a00000, 0x0000000086b20000)
  from space 4224K,  21% used [0x0000000086f40000, 0x0000000087024bf0, 0x0000000087360000)
  to   space 4224K,   0% used [0x0000000086b20000, 0x0000000086b20000, 0x0000000086f40000)
 tenured generation   total 84672K, used 36272K [0x00000000adc00000, 0x00000000b2eb0000, 0x0000000100000000)
   the space 84672K,  42% used [0x00000000adc00000, 0x00000000aff6c028, 0x00000000aff6c200, 0x00000000b2eb0000)
 Metaspace       used 66554K, capacity 68860K, committed 69120K, reserved 1110016K
  class space    used 8491K, capacity 8896K, committed 8960K, reserved 1048576K
}
Event: 664.641 GC heap before
{Heap before GC invocations=90 (full 3):
 def new generation   total 38144K, used 34834K [0x0000000084a00000, 0x0000000087360000, 0x00000000adc00000)
  eden space 33920K, 100% used [0x0000000084a00000, 0x0000000086b20000, 0x0000000086b20000)
  from space 4224K,  21% used [0x0000000086f40000, 0x0000000087024bf0, 0x0000000087360000)
  to   space 4224K,   0% used [0x0000000086b20000, 0x0000000086b20000, 0x0000000086f40000)
 tenured generation   total 84672K, used 36272K [0x00000000adc00000, 0x00000000b2eb0000, 0x0000000100000000)
   the space 84672K,  42% used [0x00000000adc00000, 0x00000000aff6c028, 0x00000000aff6c200, 0x00000000b2eb0000)
 Metaspace       used 66585K, capacity 68860K, committed 69120K, reserved 1110016K
  class space    used 8494K, capacity 8896K, committed 8960K, reserved 1048576K
Event: 664.645 GC heap after
Heap after GC invocations=91 (full 3):
 def new generation   total 38144K, used 670K [0x0000000084a00000, 0x0000000087360000, 0x00000000adc00000)
  eden space 33920K,   0% used [0x0000000084a00000, 0x0000000084a00000, 0x0000000086b20000)
  from space 4224K,  15% used [0x0000000086b20000, 0x0000000086bc78e0, 0x0000000086f40000)
  to   space 4224K,   0% used [0x0000000086f40000, 0x0000000086f40000, 0x0000000087360000)
 tenured generation   total 84672K, used 36272K [0x00000000adc00000, 0x00000000b2eb0000, 0x0000000100000000)
   the space 84672K,  42% used [0x00000000adc00000, 0x00000000aff6c028, 0x00000000aff6c200, 0x00000000b2eb0000)
 Metaspace       used 66585K, capacity 68860K, committed 69120K, reserved 1110016K
  class space    used 8494K, capacity 8896K, committed 8960K, reserved 1048576K
}

Deoptimization events (0 events):
No events

Internal exceptions (10 events):
Event: 767.559 Thread 0x000000005390d800 Exception <a 'sun/nio/fs/WindowsException'> (0x00000000854db8f8) thrown at [C:\Jenkins\workspace\DCEVM-8u161\jdk\JDK1.8.0_181-x64\k\product\oops\nocompressed\slave\dcevm-win\hotspot\src\share\vm\prims\jni.cpp, line 710]
Event: 767.559 Thread 0x000000005390d800 Exception <a 'java/io/FileNotFoundException'> (0x00000000854dce28) thrown at [C:\Jenkins\workspace\DCEVM-8u161\jdk\JDK1.8.0_181-x64\k\product\oops\nocompressed\slave\dcevm-win\hotspot\src\share\vm\prims\jni.cpp, line 710]
Event: 767.559 Thread 0x000000005390d800 Exception <a 'sun/nio/fs/WindowsException'> (0x00000000854dd7e0) thrown at [C:\Jenkins\workspace\DCEVM-8u161\jdk\JDK1.8.0_181-x64\k\product\oops\nocompressed\slave\dcevm-win\hotspot\src\share\vm\prims\jni.cpp, line 710]
Event: 767.559 Thread 0x000000005390d800 Exception <a 'sun/nio/fs/WindowsException'> (0x00000000854de298) thrown at [C:\Jenkins\workspace\DCEVM-8u161\jdk\JDK1.8.0_181-x64\k\product\oops\nocompressed\slave\dcevm-win\hotspot\src\share\vm\prims\jni.cpp, line 710]
Event: 767.559 Thread 0x000000005390d800 Exception <a 'sun/nio/fs/WindowsException'> (0x00000000854de780) thrown at [C:\Jenkins\workspace\DCEVM-8u161\jdk\JDK1.8.0_181-x64\k\product\oops\nocompressed\slave\dcevm-win\hotspot\src\share\vm\prims\jni.cpp, line 710]
Event: 767.559 Thread 0x000000005390d800 Exception <a 'sun/nio/fs/WindowsException'> (0x00000000854df1e8) thrown at [C:\Jenkins\workspace\DCEVM-8u161\jdk\JDK1.8.0_181-x64\k\product\oops\nocompressed\slave\dcevm-win\hotspot\src\share\vm\prims\jni.cpp, line 710]
Event: 767.559 Thread 0x000000005390d800 Exception <a 'java/io/FileNotFoundException'> (0x00000000854e0168) thrown at [C:\Jenkins\workspace\DCEVM-8u161\jdk\JDK1.8.0_181-x64\k\product\oops\nocompressed\slave\dcevm-win\hotspot\src\share\vm\prims\jni.cpp, line 710]
Event: 767.559 Thread 0x000000005390d800 Exception <a 'sun/nio/fs/WindowsException'> (0x00000000854e0a38) thrown at [C:\Jenkins\workspace\DCEVM-8u161\jdk\JDK1.8.0_181-x64\k\product\oops\nocompressed\slave\dcevm-win\hotspot\src\share\vm\prims\jni.cpp, line 710]
Event: 768.828 Thread 0x0000000058bcd800 Exception <a 'java/lang/ClassCastException': org.springframework.cglib.proxy.Enhancer$EnhancerKey$$KeyFactoryByCGLIB$$4ce19e8f cannot be cast to java.lang.Class> (0x0000000085962ee8) thrown at [C:\Jenkins\workspace\DCEVM-8u161\jdk\JDK1.8.0_181-x64\k\produ
Event: 768.835 Thread 0x0000000058bcd800 Exception <a 'java/lang/ClassCastException': org.springframework.cglib.proxy.Enhancer$EnhancerKey$$KeyFactoryByCGLIB$$4ce19e8f cannot be cast to java.lang.Class> (0x0000000085aaf200) thrown at [C:\Jenkins\workspace\DCEVM-8u161\jdk\JDK1.8.0_181-x64\k\produ

Events (10 events):
Event: 768.825 loading class sun/reflect/UnsafeBooleanFieldAccessorImpl done
Event: 768.828 loading class java/io/StringWriter
Event: 768.828 loading class java/io/StringWriter done
Event: 768.828 loading class java/lang/Throwable$WrappedPrintWriter
Event: 768.828 loading class java/lang/Throwable$WrappedPrintWriter done
Event: 768.828 loading class java/util/IdentityHashMap$KeySet
Event: 768.828 loading class java/util/IdentityHashMap$KeySet done
Event: 768.830 Thread 0x0000000058bcf000 Thread added: 0x0000000058bcf000
Event: 768.837 Thread 0x0000000058bcf800 Thread added: 0x0000000058bcf800
Event: 768.839 Executing VM operation: RedefineClasses


Dynamic libraries:
0x000000013ff90000 - 0x000000013ffc7000 	C:\Program Files\Java\jdk1.8.0_181\bin\java.exe
0x0000000077950000 - 0x0000000077aef000 	C:\Windows\SYSTEM32\ntdll.dll
0x0000000077730000 - 0x000000007784f000 	C:\Windows\system32\kernel32.dll
0x000007fefd570000 - 0x000007fefd5da000 	C:\Windows\system32\KERNELBASE.dll
0x000007feff5b0000 - 0x000007feff68b000 	C:\Windows\system32\ADVAPI32.dll
0x000007feffba0000 - 0x000007feffc3f000 	C:\Windows\system32\msvcrt.dll
0x000007fefea90000 - 0x000007fefeaaf000 	C:\Windows\SYSTEM32\sechost.dll
0x000007fefed70000 - 0x000007fefee9c000 	C:\Windows\system32\RPCRT4.dll
0x0000000077850000 - 0x000000007794a000 	C:\Windows\system32\USER32.dll
0x000007feffb30000 - 0x000007feffb97000 	C:\Windows\system32\GDI32.dll
0x000007feffaf0000 - 0x000007feffafe000 	C:\Windows\system32\LPK.dll
0x000007fefeea0000 - 0x000007fefef6b000 	C:\Windows\system32\USP10.dll
0x000007fefc5d0000 - 0x000007fefc7c5000 	C:\Windows\WinSxS\amd64_microsoft.windows.common-controls_6595b64144ccf1df_6.0.7601.24440_none_e36f1bbf30ff0606\COMCTL32.dll
0x000007fefd800000 - 0x000007fefd871000 	C:\Windows\system32\SHLWAPI.dll
0x000007feffb00000 - 0x000007feffb2e000 	C:\Windows\system32\IMM32.DLL
0x000007fefe920000 - 0x000007fefea29000 	C:\Windows\system32\MSCTF.dll
0x0000000064680000 - 0x0000000064752000 	C:\Program Files\Java\jdk1.8.0_181\jre\bin\msvcr100.dll
0x000000005e550000 - 0x000000005eda1000 	C:\Program Files\Java\jdk1.8.0_181\jre\bin\dcevm\jvm.dll
0x000007fef6b10000 - 0x000007fef6b19000 	C:\Windows\system32\WSOCK32.dll
0x000007fefdaa0000 - 0x000007fefdaed000 	C:\Windows\system32\WS2_32.dll
0x000007fefd7f0000 - 0x000007fefd7f8000 	C:\Windows\system32\NSI.dll
0x000007fefa970000 - 0x000007fefa9ab000 	C:\Windows\system32\WINMM.dll
0x000007fefc810000 - 0x000007fefc81c000 	C:\Windows\system32\VERSION.dll
0x0000000077af0000 - 0x0000000077af7000 	C:\Windows\system32\PSAPI.DLL
0x0000000071b50000 - 0x0000000071b5f000 	C:\Program Files\Java\jdk1.8.0_181\jre\bin\verify.dll
0x0000000071b20000 - 0x0000000071b49000 	C:\Program Files\Java\jdk1.8.0_181\jre\bin\java.dll
0x000000006fb90000 - 0x000000006fbb3000 	C:\Program Files\Java\jdk1.8.0_181\jre\bin\instrument.dll
0x0000000071b00000 - 0x0000000071b16000 	C:\Program Files\Java\jdk1.8.0_181\jre\bin\zip.dll
0x000007fefdaf0000 - 0x000007fefe87b000 	C:\Windows\system32\SHELL32.dll
0x000007fefd880000 - 0x000007fefda7f000 	C:\Windows\system32\ole32.dll
0x000007fefd440000 - 0x000007fefd44f000 	C:\Windows\system32\profapi.dll
0x0000000071970000 - 0x000000007198a000 	C:\Program Files\Java\jdk1.8.0_181\jre\bin\net.dll
0x000007fefcba0000 - 0x000007fefcbf5000 	C:\Windows\system32\mswsock.dll
0x000007fefcd10000 - 0x000007fefcd17000 	C:\Windows\System32\wship6.dll
0x0000000071950000 - 0x0000000071961000 	C:\Program Files\Java\jdk1.8.0_181\jre\bin\nio.dll
0x000007fef2fe0000 - 0x000007fef2ffa000 	C:\Program Files\JetBrains\IntelliJ IDEA 2018.3.2\bin\breakgen64.dll
0x0000000071ad0000 - 0x0000000071add000 	C:\Program Files\Java\jdk1.8.0_181\jre\bin\management.dll
0x000007fefa330000 - 0x000007fefa345000 	C:\Windows\system32\NLAapi.dll
0x000007fef4af0000 - 0x000007fef4b05000 	C:\Windows\system32\napinsp.dll
0x000007fef4ad0000 - 0x000007fef4ae9000 	C:\Windows\system32\pnrpnsp.dll
0x000007fefca30000 - 0x000007fefca8b000 	C:\Windows\system32\DNSAPI.dll
0x000007fef4ac0000 - 0x000007fef4acb000 	C:\Windows\System32\winrnr.dll
0x0000000072e20000 - 0x0000000072e46000 	C:\Program Files\Bonjour\mdnsNSP.dll
0x000007fef97a0000 - 0x000007fef97c7000 	C:\Windows\system32\Iphlpapi.DLL
0x000007fef9770000 - 0x000007fef977b000 	C:\Windows\system32\WINNSI.DLL
0x000007fef4ab0000 - 0x000007fef4ac0000 	C:\Windows\system32\wshbth.dll
0x000007fefbef0000 - 0x000007fefbef7000 	C:\Windows\System32\wshtcpip.dll
0x000007fef4960000 - 0x000007fef4968000 	C:\Windows\system32\rasadhlp.dll
0x000007fef93b0000 - 0x000007fef9403000 	C:\Windows\System32\fwpuclnt.dll
0x000007fefce40000 - 0x000007fefce58000 	C:\Windows\system32\CRYPTSP.dll
0x000007fefc910000 - 0x000007fefc957000 	C:\Windows\system32\rsaenh.dll
0x000007fefd7d0000 - 0x000007fefd7ee000 	C:\Windows\system32\USERENV.dll
0x000007fefd2d0000 - 0x000007fefd2df000 	C:\Windows\system32\CRYPTBASE.dll
0x000007fef8540000 - 0x000007fef8558000 	C:\Windows\system32\dhcpcsvc.DLL
0x000007fef8520000 - 0x000007fef8531000 	C:\Windows\system32\dhcpcsvc6.DLL
0x000007fef9fb0000 - 0x000007fefa0d5000 	C:\Windows\system32\dbghelp.dll

VM Arguments:
jvm_args: -javaagent:E:\02_project_research\build_project_stuff\hotswap-agent.jar -XX:TieredStopAtLevel=1 -Xverify:none -Dspring.output.ansi.enabled=always -Dcom.sun.management.jmxremote -Dcom.sun.management.jmxremote.port=59061 -Dcom.sun.management.jmxremote.authenticate=false -Dcom.sun.management.jmxremote.ssl=false -Djava.rmi.server.hostname=localhost -Dspring.liveBeansView.mbeanDomain -Dspring.application.admin.enabled=true -javaagent:C:\Program Files\JetBrains\IntelliJ IDEA 2018.3.2\lib\idea_rt.jar=59062:C:\Program Files\JetBrains\IntelliJ IDEA 2018.3.2\bin -Dfile.encoding=UTF-8 
java_command: com.fullstack.FullstackApplication
java_class_path (initial): C:\Program Files\Java\jdk1.8.0_181\jre\lib\charsets.jar;C:\Program Files\Java\jdk1.8.0_181\jre\lib\deploy.jar;C:\Program Files\Java\jdk1.8.0_181\jre\lib\ext\access-bridge-64.jar;C:\Program Files\Java\jdk1.8.0_181\jre\lib\ext\cldrdata.jar;C:\Program Files\Java\jdk1.8.0_181\jre\lib\ext\dnsns.jar;C:\Program Files\Java\jdk1.8.0_181\jre\lib\ext\jaccess.jar;C:\Program Files\Java\jdk1.8.0_181\jre\lib\ext\jfxrt.jar;C:\Program Files\Java\jdk1.8.0_181\jre\lib\ext\localedata.jar;C:\Program Files\Java\jdk1.8.0_181\jre\lib\ext\nashorn.jar;C:\Program Files\Java\jdk1.8.0_181\jre\lib\ext\sunec.jar;C:\Program Files\Java\jdk1.8.0_181\jre\lib\ext\sunjce_provider.jar;C:\Program Files\Java\jdk1.8.0_181\jre\lib\ext\sunmscapi.jar;C:\Program Files\Java\jdk1.8.0_181\jre\lib\ext\sunpkcs11.jar;C:\Program Files\Java\jdk1.8.0_181\jre\lib\ext\zipfs.jar;C:\Program Files\Java\jdk1.8.0_181\jre\lib\javaws.jar;C:\Program Files\Java\jdk1.8.0_181\jre\lib\jce.jar;C:\Program Files\Java\jdk1.8.0_181\jre\lib\jfr.jar;C:\Program Files\Java\jdk1.8.0_181\jre\lib\jfxswt.jar;C:\Program Files\Java\jdk1.8.0_181\jre\lib\jsse.jar;C:\Program Files\Java\jdk1.8.0_181\jre\lib\management-agent.jar;C:\Program Files\Java\jdk1.8.0_181\jre\lib\plugin.jar;C:\Program Files\Java\jdk1.8.0_181\jre\lib\resources.jar;C:\Program Files\Java\jdk1.8.0_181\jre\lib\rt.jar;E:\02_project_research\fullstack\target\classes;C:\Users\Lam\.m2\repository\org\springframework\boot\spring-boot-starter-data-jpa\2.1.4.RELEASE\spring-boot-starter-data-jpa-2.1.4.RELEASE.jar;C:\Users\Lam\.m2\repository\org\springframework\boot\spring-boot-starter-aop\2.1.4.RELEASE\spring-boot-starter-aop-2.1.4.RELEASE.jar;C:\Users\Lam\.m2\repository\org\aspectj\aspectjweaver\1.9.2\aspectjweaver-1.9.2.jar;C:\Users\Lam\.m2\repository\org\springframework\boot\spring-boot-starter-jdbc\2.1.4.RELEASE\spring-boot-starter-jdbc-2.1.4.RELEASE.jar;C:\Users\Lam\.m2\repository\com\zaxxer\HikariCP\3.2.0\HikariCP-3.2.0.jar;C:\Users\Lam\.m2\repository\org\s
Launcher Type: SUN_STANDARD

Environment Variables:
JAVA_HOME=C:\Program Files\Java\jdk1.8.0_181
PATH=C:\Program Files (x86)\Common Files\Oracle\Java\javapath;E:\app\Lam\product\11.2.0\dbhome_1\bin;C:\Program Files (x86)\Intel\iCLS Client\;C:\Program Files\Intel\iCLS Client\;C:\Program Files (x86)\Common Files\Oracle\Java\javapath;C:\Windows\system32;C:\Windows;C:\Windows\System32\Wbem;C:\Windows\System32\WindowsPowerShell\v1.0\;C:\Program Files\Intel\WiFi\bin\;C:\Program Files\Common Files\Intel\WirelessCommon\;C:\Program Files\ThinkPad\Bluetooth Software\;C:\Program Files\ThinkPad\Bluetooth Software\syswow64;C:\Program Files (x86)\Intel\Intel(R) Management Engine Components\DAL;C:\Program Files\Intel\Intel(R) Management Engine Components\DAL;C:\Program Files (x86)\Intel\Intel(R) Management Engine Components\IPT;C:\Program Files\Intel\Intel(R) Management Engine Components\IPT;C:\Program Files\Git\cmd;C:\Program Files\nodejs\;C:\Program Files\TortoiseSVN\bin;C:\Program Files\PuTTY\;C:\Program Files\TortoiseGit\bin;C:\Program Files\MySQL\MySQL Server 8.0\bin;E:\02_project_research\apache-tomcat-8.5.40\bin;C:\Program Files\Intel\WiFi\bin\;C:\Program Files\Common Files\Intel\WirelessCommon\;C:\Users\Lam\AppData\Roaming\npm;C:\Users\Lam\AppData\Local\Programs\Fiddler;C:\Program Files\JetBrains\IntelliJ IDEA 2018.3.2\bin;;C:\Program Files\MySQL\MySQL Server 8.0\bin\bin;
USERNAME=Lam
OS=Windows_NT
PROCESSOR_IDENTIFIER=Intel64 Family 6 Model 58 Stepping 9, GenuineIntel



---------------  S Y S T E M  ---------------

OS: Windows 7 , 64 bit Build 7601 (6.1.7601.24441)

CPU:total 4 (initial active 4) (2 cores per cpu, 2 threads per core) family 6 model 58 stepping 9, cmov, cx8, fxsr, mmx, sse, sse2, sse3, ssse3, sse4.1, sse4.2, popcnt, avx, aes, clmul, erms, ht, tsc, tscinvbit, tscinv

Memory: 4k page, physical 8078860k(1012452k free), swap 44940960k(32252988k free)

vm_info: Dynamic Code Evolution 64-Bit Server VM (25.71-b01-dcevmlight-26) for windows-amd64 JRE (1.8.0), built on Jul 31 2018 12:14:42 by "" with MS VC++ 10.0 (VS2010)

time: Wed May 15 14:24:50 2019
elapsed time: 768 seconds (0d 0h 12m 48s)

